ARM GAS  C:\Users\jdcox\AppData\Local\Temp\ccJM5p8F.s 			page 1


   1              		.cpu cortex-m4
   2              		.arch armv7e-m
   3              		.fpu fpv4-sp-d16
   4              		.eabi_attribute 27, 1
   5              		.eabi_attribute 28, 1
   6              		.eabi_attribute 20, 1
   7              		.eabi_attribute 21, 1
   8              		.eabi_attribute 23, 3
   9              		.eabi_attribute 24, 1
  10              		.eabi_attribute 25, 1
  11              		.eabi_attribute 26, 1
  12              		.eabi_attribute 30, 1
  13              		.eabi_attribute 34, 1
  14              		.eabi_attribute 18, 4
  15              		.file	"globals.c"
  16              		.text
  17              	.Ltext0:
  18              		.cfi_sections	.debug_frame
  19              		.global	gameStateNames
  20              		.section	.rodata.str1.4,"aMS",%progbits,1
  21              		.align	2
  22              	.LC0:
  23 0000 53544152 		.ascii	"START\000"
  23      5400
  24 0006 0000     		.align	2
  25              	.LC1:
  26 0008 676F5354 		.ascii	"goSTART\000"
  26      41525400 
  27              		.align	2
  28              	.LC2:
  29 0010 52454400 		.ascii	"RED\000"
  30              		.align	2
  31              	.LC3:
  32 0014 676F5245 		.ascii	"goRED\000"
  32      4400
  33 001a 0000     		.align	2
  34              	.LC4:
  35 001c 424C5545 		.ascii	"BLUE\000"
  35      00
  36 0021 000000   		.align	2
  37              	.LC5:
  38 0024 676F424C 		.ascii	"goBLUE\000"
  38      554500
  39 002b 00       		.align	2
  40              	.LC6:
  41 002c 424C5545 		.ascii	"BLUEWINS\000"
  41      57494E53 
  41      00
  42 0035 000000   		.align	2
  43              	.LC7:
  44 0038 52454457 		.ascii	"REDWINS\000"
  44      494E5300 
  45              		.align	2
  46              	.LC8:
  47 0040 57414954 		.ascii	"WAITING\000"
  47      494E4700 
  48              		.align	2
ARM GAS  C:\Users\jdcox\AppData\Local\Temp\ccJM5p8F.s 			page 2


  49              	.LC9:
  50 0048 50454E41 		.ascii	"PENALTY\000"
  50      4C545900 
  51              		.global	gameState
  52              		.global	rxCount
  53              		.global	txCount
  54              		.global	txReadable
  55              		.global	rxReadable
  56              		.global	opcodeString
  57              		.global	receivedPacket
  58              		.global	loraRXbuf
  59              		.global	loraRXopcode
  60              		.global	packet_size
  61              		.global	blueLED_flag
  62              		.global	redLED_flag
  63              		.global	blueLED_timer
  64              		.global	redLED_timer
  65              		.global	debounce_timer
  66              		.global	blue_counter
  67              		.global	red_counter
  68              		.global	OTHER_PLAYER
  69              		.global	THIS_PLAYER
  70              		.global	newRX_flag
  71              		.global	newTX_flag
  72              		.global	debouncing_Flag
  73              		.global	blue_flag
  74              		.global	red_flag
  75              		.global	stateChange_flag
  76              		.global	loraRX_flag
  77              		.global	debugBuddy
  78              		.section	.bss.OTHER_PLAYER,"aw",%nobits
  81              	OTHER_PLAYER:
  82 0000 00       		.space	1
  83              		.section	.bss.THIS_PLAYER,"aw",%nobits
  86              	THIS_PLAYER:
  87 0000 00       		.space	1
  88              		.section	.bss.blueLED_flag,"aw",%nobits
  91              	blueLED_flag:
  92 0000 00       		.space	1
  93              		.section	.bss.blueLED_timer,"aw",%nobits
  96              	blueLED_timer:
  97 0000 00       		.space	1
  98              		.section	.bss.blue_counter,"aw",%nobits
  99              		.align	2
 102              	blue_counter:
 103 0000 00000000 		.space	4
 104              		.section	.bss.blue_flag,"aw",%nobits
 107              	blue_flag:
 108 0000 00       		.space	1
 109              		.section	.bss.debounce_timer,"aw",%nobits
 110              		.align	1
 113              	debounce_timer:
 114 0000 0000     		.space	2
 115              		.section	.bss.debouncing_Flag,"aw",%nobits
 118              	debouncing_Flag:
 119 0000 00       		.space	1
 120              		.section	.bss.debugBuddy,"aw",%nobits
ARM GAS  C:\Users\jdcox\AppData\Local\Temp\ccJM5p8F.s 			page 3


 121              		.align	1
 124              	debugBuddy:
 125 0000 0000     		.space	2
 126              		.section	.bss.gameState,"aw",%nobits
 129              	gameState:
 130 0000 00       		.space	1
 131              		.section	.bss.loraRX_flag,"aw",%nobits
 134              	loraRX_flag:
 135 0000 00       		.space	1
 136              		.section	.bss.loraRXbuf,"aw",%nobits
 137              		.align	2
 140              	loraRXbuf:
 141 0000 00000000 		.space	10
 141      00000000 
 141      0000
 142              		.section	.bss.loraRXopcode,"aw",%nobits
 145              	loraRXopcode:
 146 0000 00       		.space	1
 147              		.section	.bss.newRX_flag,"aw",%nobits
 150              	newRX_flag:
 151 0000 00       		.space	1
 152              		.section	.bss.newTX_flag,"aw",%nobits
 155              	newTX_flag:
 156 0000 00       		.space	1
 157              		.section	.bss.opcodeString,"aw",%nobits
 158              		.align	2
 161              	opcodeString:
 162 0000 00000000 		.space	10
 162      00000000 
 162      0000
 163              		.section	.bss.packet_size,"aw",%nobits
 166              	packet_size:
 167 0000 00       		.space	1
 168              		.section	.bss.receivedPacket,"aw",%nobits
 169              		.align	2
 172              	receivedPacket:
 173 0000 00000000 		.space	10
 173      00000000 
 173      0000
 174              		.section	.bss.redLED_flag,"aw",%nobits
 177              	redLED_flag:
 178 0000 00       		.space	1
 179              		.section	.bss.redLED_timer,"aw",%nobits
 182              	redLED_timer:
 183 0000 00       		.space	1
 184              		.section	.bss.red_counter,"aw",%nobits
 185              		.align	2
 188              	red_counter:
 189 0000 00000000 		.space	4
 190              		.section	.bss.red_flag,"aw",%nobits
 193              	red_flag:
 194 0000 00       		.space	1
 195              		.section	.bss.rxCount,"aw",%nobits
 196              		.align	1
 199              	rxCount:
 200 0000 0000     		.space	2
 201              		.section	.bss.rxReadable,"aw",%nobits
ARM GAS  C:\Users\jdcox\AppData\Local\Temp\ccJM5p8F.s 			page 4


 202              		.align	2
 205              	rxReadable:
 206 0000 00000000 		.space	20
 206      00000000 
 206      00000000 
 206      00000000 
 206      00000000 
 207              		.section	.bss.stateChange_flag,"aw",%nobits
 210              	stateChange_flag:
 211 0000 00       		.space	1
 212              		.section	.bss.txCount,"aw",%nobits
 213              		.align	1
 216              	txCount:
 217 0000 0000     		.space	2
 218              		.section	.bss.txReadable,"aw",%nobits
 219              		.align	2
 222              	txReadable:
 223 0000 00000000 		.space	20
 223      00000000 
 223      00000000 
 223      00000000 
 223      00000000 
 224              		.section	.rodata.gameStateNames,"a"
 225              		.align	2
 228              	gameStateNames:
 229 0000 00000000 		.word	.LC0
 230 0004 08000000 		.word	.LC1
 231 0008 10000000 		.word	.LC2
 232 000c 14000000 		.word	.LC3
 233 0010 1C000000 		.word	.LC4
 234 0014 24000000 		.word	.LC5
 235 0018 2C000000 		.word	.LC6
 236 001c 38000000 		.word	.LC7
 237 0020 40000000 		.word	.LC8
 238 0024 48000000 		.word	.LC9
 239              		.text
 240              	.Letext0:
 241              		.file 1 "c:\\libraries\\gcc\\11.2 2022.02\\arm-none-eabi\\include\\machine\\_default_types.h"
 242              		.file 2 "c:\\libraries\\gcc\\11.2 2022.02\\arm-none-eabi\\include\\sys\\_stdint.h"
 243              		.file 3 "Core/Inc/globals.c"
ARM GAS  C:\Users\jdcox\AppData\Local\Temp\ccJM5p8F.s 			page 5


DEFINED SYMBOLS
                            *ABS*:00000000 globals.c
C:\Users\jdcox\AppData\Local\Temp\ccJM5p8F.s:228    .rodata.gameStateNames:00000000 gameStateNames
C:\Users\jdcox\AppData\Local\Temp\ccJM5p8F.s:21     .rodata.str1.4:00000000 $d
C:\Users\jdcox\AppData\Local\Temp\ccJM5p8F.s:129    .bss.gameState:00000000 gameState
C:\Users\jdcox\AppData\Local\Temp\ccJM5p8F.s:199    .bss.rxCount:00000000 rxCount
C:\Users\jdcox\AppData\Local\Temp\ccJM5p8F.s:216    .bss.txCount:00000000 txCount
C:\Users\jdcox\AppData\Local\Temp\ccJM5p8F.s:222    .bss.txReadable:00000000 txReadable
C:\Users\jdcox\AppData\Local\Temp\ccJM5p8F.s:205    .bss.rxReadable:00000000 rxReadable
C:\Users\jdcox\AppData\Local\Temp\ccJM5p8F.s:161    .bss.opcodeString:00000000 opcodeString
C:\Users\jdcox\AppData\Local\Temp\ccJM5p8F.s:172    .bss.receivedPacket:00000000 receivedPacket
C:\Users\jdcox\AppData\Local\Temp\ccJM5p8F.s:140    .bss.loraRXbuf:00000000 loraRXbuf
C:\Users\jdcox\AppData\Local\Temp\ccJM5p8F.s:145    .bss.loraRXopcode:00000000 loraRXopcode
C:\Users\jdcox\AppData\Local\Temp\ccJM5p8F.s:166    .bss.packet_size:00000000 packet_size
C:\Users\jdcox\AppData\Local\Temp\ccJM5p8F.s:91     .bss.blueLED_flag:00000000 blueLED_flag
C:\Users\jdcox\AppData\Local\Temp\ccJM5p8F.s:177    .bss.redLED_flag:00000000 redLED_flag
C:\Users\jdcox\AppData\Local\Temp\ccJM5p8F.s:96     .bss.blueLED_timer:00000000 blueLED_timer
C:\Users\jdcox\AppData\Local\Temp\ccJM5p8F.s:182    .bss.redLED_timer:00000000 redLED_timer
C:\Users\jdcox\AppData\Local\Temp\ccJM5p8F.s:113    .bss.debounce_timer:00000000 debounce_timer
C:\Users\jdcox\AppData\Local\Temp\ccJM5p8F.s:102    .bss.blue_counter:00000000 blue_counter
C:\Users\jdcox\AppData\Local\Temp\ccJM5p8F.s:188    .bss.red_counter:00000000 red_counter
C:\Users\jdcox\AppData\Local\Temp\ccJM5p8F.s:81     .bss.OTHER_PLAYER:00000000 OTHER_PLAYER
C:\Users\jdcox\AppData\Local\Temp\ccJM5p8F.s:86     .bss.THIS_PLAYER:00000000 THIS_PLAYER
C:\Users\jdcox\AppData\Local\Temp\ccJM5p8F.s:150    .bss.newRX_flag:00000000 newRX_flag
C:\Users\jdcox\AppData\Local\Temp\ccJM5p8F.s:155    .bss.newTX_flag:00000000 newTX_flag
C:\Users\jdcox\AppData\Local\Temp\ccJM5p8F.s:118    .bss.debouncing_Flag:00000000 debouncing_Flag
C:\Users\jdcox\AppData\Local\Temp\ccJM5p8F.s:107    .bss.blue_flag:00000000 blue_flag
C:\Users\jdcox\AppData\Local\Temp\ccJM5p8F.s:193    .bss.red_flag:00000000 red_flag
C:\Users\jdcox\AppData\Local\Temp\ccJM5p8F.s:210    .bss.stateChange_flag:00000000 stateChange_flag
C:\Users\jdcox\AppData\Local\Temp\ccJM5p8F.s:134    .bss.loraRX_flag:00000000 loraRX_flag
C:\Users\jdcox\AppData\Local\Temp\ccJM5p8F.s:124    .bss.debugBuddy:00000000 debugBuddy
C:\Users\jdcox\AppData\Local\Temp\ccJM5p8F.s:82     .bss.OTHER_PLAYER:00000000 $d
C:\Users\jdcox\AppData\Local\Temp\ccJM5p8F.s:87     .bss.THIS_PLAYER:00000000 $d
C:\Users\jdcox\AppData\Local\Temp\ccJM5p8F.s:92     .bss.blueLED_flag:00000000 $d
C:\Users\jdcox\AppData\Local\Temp\ccJM5p8F.s:97     .bss.blueLED_timer:00000000 $d
C:\Users\jdcox\AppData\Local\Temp\ccJM5p8F.s:99     .bss.blue_counter:00000000 $d
C:\Users\jdcox\AppData\Local\Temp\ccJM5p8F.s:108    .bss.blue_flag:00000000 $d
C:\Users\jdcox\AppData\Local\Temp\ccJM5p8F.s:110    .bss.debounce_timer:00000000 $d
C:\Users\jdcox\AppData\Local\Temp\ccJM5p8F.s:119    .bss.debouncing_Flag:00000000 $d
C:\Users\jdcox\AppData\Local\Temp\ccJM5p8F.s:121    .bss.debugBuddy:00000000 $d
C:\Users\jdcox\AppData\Local\Temp\ccJM5p8F.s:130    .bss.gameState:00000000 $d
C:\Users\jdcox\AppData\Local\Temp\ccJM5p8F.s:135    .bss.loraRX_flag:00000000 $d
C:\Users\jdcox\AppData\Local\Temp\ccJM5p8F.s:137    .bss.loraRXbuf:00000000 $d
C:\Users\jdcox\AppData\Local\Temp\ccJM5p8F.s:146    .bss.loraRXopcode:00000000 $d
C:\Users\jdcox\AppData\Local\Temp\ccJM5p8F.s:151    .bss.newRX_flag:00000000 $d
C:\Users\jdcox\AppData\Local\Temp\ccJM5p8F.s:156    .bss.newTX_flag:00000000 $d
C:\Users\jdcox\AppData\Local\Temp\ccJM5p8F.s:158    .bss.opcodeString:00000000 $d
C:\Users\jdcox\AppData\Local\Temp\ccJM5p8F.s:167    .bss.packet_size:00000000 $d
C:\Users\jdcox\AppData\Local\Temp\ccJM5p8F.s:169    .bss.receivedPacket:00000000 $d
C:\Users\jdcox\AppData\Local\Temp\ccJM5p8F.s:178    .bss.redLED_flag:00000000 $d
C:\Users\jdcox\AppData\Local\Temp\ccJM5p8F.s:183    .bss.redLED_timer:00000000 $d
C:\Users\jdcox\AppData\Local\Temp\ccJM5p8F.s:185    .bss.red_counter:00000000 $d
C:\Users\jdcox\AppData\Local\Temp\ccJM5p8F.s:194    .bss.red_flag:00000000 $d
C:\Users\jdcox\AppData\Local\Temp\ccJM5p8F.s:196    .bss.rxCount:00000000 $d
C:\Users\jdcox\AppData\Local\Temp\ccJM5p8F.s:202    .bss.rxReadable:00000000 $d
C:\Users\jdcox\AppData\Local\Temp\ccJM5p8F.s:211    .bss.stateChange_flag:00000000 $d
C:\Users\jdcox\AppData\Local\Temp\ccJM5p8F.s:213    .bss.txCount:00000000 $d
ARM GAS  C:\Users\jdcox\AppData\Local\Temp\ccJM5p8F.s 			page 6


C:\Users\jdcox\AppData\Local\Temp\ccJM5p8F.s:219    .bss.txReadable:00000000 $d
C:\Users\jdcox\AppData\Local\Temp\ccJM5p8F.s:225    .rodata.gameStateNames:00000000 $d

NO UNDEFINED SYMBOLS
