ARM GAS  C:\Users\jdcox\AppData\Local\Temp\cccys3mp.s 			page 1


   1              		.cpu cortex-m4
   2              		.arch armv7e-m
   3              		.fpu fpv4-sp-d16
   4              		.eabi_attribute 27, 1
   5              		.eabi_attribute 28, 1
   6              		.eabi_attribute 20, 1
   7              		.eabi_attribute 21, 1
   8              		.eabi_attribute 23, 3
   9              		.eabi_attribute 24, 1
  10              		.eabi_attribute 25, 1
  11              		.eabi_attribute 26, 1
  12              		.eabi_attribute 30, 1
  13              		.eabi_attribute 34, 1
  14              		.eabi_attribute 18, 4
  15              		.file	"main.c"
  16              		.text
  17              	.Ltext0:
  18              		.cfi_sections	.debug_frame
  19              		.section	.text.msTickCallback,"ax",%progbits
  20              		.align	1
  21              		.global	msTickCallback
  22              		.syntax unified
  23              		.thumb
  24              		.thumb_func
  26              	msTickCallback:
  27              	.LVL0:
  28              	.LFB143:
  29              		.file 1 "Core/Src/main.c"
   1:Core/Src/main.c **** /* USER CODE BEGIN Header */
   2:Core/Src/main.c **** /**
   3:Core/Src/main.c ****   ******************************************************************************
   4:Core/Src/main.c ****   * @file           : main.c
   5:Core/Src/main.c ****   * @brief          : Main program body
   6:Core/Src/main.c ****   ******************************************************************************
   7:Core/Src/main.c ****   * @attention
   8:Core/Src/main.c ****   *
   9:Core/Src/main.c ****   * Copyright (c) 2024 STMicroelectronics.
  10:Core/Src/main.c ****   * All rights reserved.
  11:Core/Src/main.c ****   *
  12:Core/Src/main.c ****   * This software is licensed under terms that can be found in the LICENSE file
  13:Core/Src/main.c ****   * in the root directory of this software component.
  14:Core/Src/main.c ****   * If no LICENSE file comes with this software, it is provided AS-IS.
  15:Core/Src/main.c ****   *
  16:Core/Src/main.c ****   ******************************************************************************
  17:Core/Src/main.c ****   */
  18:Core/Src/main.c **** /* USER CODE END Header */
  19:Core/Src/main.c **** /* Includes ------------------------------------------------------------------*/
  20:Core/Src/main.c **** #include "main.h"
  21:Core/Src/main.c **** #include "cmsis_os.h"
  22:Core/Src/main.c **** 
  23:Core/Src/main.c **** /* Private includes ----------------------------------------------------------*/
  24:Core/Src/main.c **** /* USER CODE BEGIN Includes */
  25:Core/Src/main.c **** 
  26:Core/Src/main.c **** /* USER CODE END Includes */
  27:Core/Src/main.c **** 
  28:Core/Src/main.c **** /* Private typedef -----------------------------------------------------------*/
  29:Core/Src/main.c **** /* USER CODE BEGIN PTD */
ARM GAS  C:\Users\jdcox\AppData\Local\Temp\cccys3mp.s 			page 2


  30:Core/Src/main.c **** 
  31:Core/Src/main.c **** /* USER CODE END PTD */
  32:Core/Src/main.c **** 
  33:Core/Src/main.c **** /* Private define ------------------------------------------------------------*/
  34:Core/Src/main.c **** /* USER CODE BEGIN PD */
  35:Core/Src/main.c **** /* USER CODE END PD */
  36:Core/Src/main.c **** 
  37:Core/Src/main.c **** /* Private macro -------------------------------------------------------------*/
  38:Core/Src/main.c **** /* USER CODE BEGIN PM */
  39:Core/Src/main.c **** 
  40:Core/Src/main.c **** /* USER CODE END PM */
  41:Core/Src/main.c **** 
  42:Core/Src/main.c **** /* Private variables ---------------------------------------------------------*/
  43:Core/Src/main.c **** I2C_HandleTypeDef hi2c1;
  44:Core/Src/main.c **** DMA_HandleTypeDef hdma_i2c1_tx;
  45:Core/Src/main.c **** 
  46:Core/Src/main.c **** SPI_HandleTypeDef hspi1;
  47:Core/Src/main.c **** 
  48:Core/Src/main.c **** osThreadId defaultTaskHandle;
  49:Core/Src/main.c **** osThreadId loraRXTaskHandle;
  50:Core/Src/main.c **** osTimerId msTickHandle;
  51:Core/Src/main.c **** osTimerId loraRXtimerHandle;
  52:Core/Src/main.c **** osMutexId lora_mutexHandle;
  53:Core/Src/main.c **** /* USER CODE BEGIN PV */
  54:Core/Src/main.c **** 
  55:Core/Src/main.c **** /* USER CODE END PV */
  56:Core/Src/main.c **** 
  57:Core/Src/main.c **** /* Private function prototypes -----------------------------------------------*/
  58:Core/Src/main.c **** void SystemClock_Config(void);
  59:Core/Src/main.c **** static void MX_GPIO_Init(void);
  60:Core/Src/main.c **** static void MX_DMA_Init(void);
  61:Core/Src/main.c **** static void MX_SPI1_Init(void);
  62:Core/Src/main.c **** static void MX_I2C1_Init(void);
  63:Core/Src/main.c **** void StartDefaultTask(void const * argument);
  64:Core/Src/main.c **** void StartTask02(void const * argument);
  65:Core/Src/main.c **** void msTickCallback(void const * argument);
  66:Core/Src/main.c **** void loraRXtimerCallback(void const * argument);
  67:Core/Src/main.c **** 
  68:Core/Src/main.c **** /* USER CODE BEGIN PFP */
  69:Core/Src/main.c **** 
  70:Core/Src/main.c **** /* USER CODE END PFP */
  71:Core/Src/main.c **** 
  72:Core/Src/main.c **** /* Private user code ---------------------------------------------------------*/
  73:Core/Src/main.c **** /* USER CODE BEGIN 0 */
  74:Core/Src/main.c **** 
  75:Core/Src/main.c **** /* USER CODE END 0 */
  76:Core/Src/main.c **** 
  77:Core/Src/main.c **** /**
  78:Core/Src/main.c ****   * @brief  The application entry point.
  79:Core/Src/main.c ****   * @retval int
  80:Core/Src/main.c ****   */
  81:Core/Src/main.c **** int main(void)
  82:Core/Src/main.c **** {
  83:Core/Src/main.c ****   /* USER CODE BEGIN 1 */
  84:Core/Src/main.c **** 
  85:Core/Src/main.c ****   /* USER CODE END 1 */
  86:Core/Src/main.c **** 
ARM GAS  C:\Users\jdcox\AppData\Local\Temp\cccys3mp.s 			page 3


  87:Core/Src/main.c ****   /* MCU Configuration--------------------------------------------------------*/
  88:Core/Src/main.c **** 
  89:Core/Src/main.c ****   /* Reset of all peripherals, Initializes the Flash interface and the Systick. */
  90:Core/Src/main.c ****   HAL_Init();
  91:Core/Src/main.c **** 
  92:Core/Src/main.c ****   /* USER CODE BEGIN Init */
  93:Core/Src/main.c **** 
  94:Core/Src/main.c ****   /* USER CODE END Init */
  95:Core/Src/main.c **** 
  96:Core/Src/main.c ****   /* Configure the system clock */
  97:Core/Src/main.c ****   SystemClock_Config();
  98:Core/Src/main.c **** 
  99:Core/Src/main.c ****   /* USER CODE BEGIN SysInit */
 100:Core/Src/main.c **** 
 101:Core/Src/main.c ****   /* USER CODE END SysInit */
 102:Core/Src/main.c **** 
 103:Core/Src/main.c ****   /* Initialize all configured peripherals */
 104:Core/Src/main.c ****   MX_GPIO_Init();
 105:Core/Src/main.c ****   MX_DMA_Init();
 106:Core/Src/main.c ****   MX_SPI1_Init();
 107:Core/Src/main.c ****   MX_I2C1_Init();
 108:Core/Src/main.c ****   /* USER CODE BEGIN 2 */
 109:Core/Src/main.c **** 
 110:Core/Src/main.c ****   /* USER CODE END 2 */
 111:Core/Src/main.c **** 
 112:Core/Src/main.c ****   /* Create the mutex(es) */
 113:Core/Src/main.c ****   /* definition and creation of lora_mutex */
 114:Core/Src/main.c ****   osMutexDef(lora_mutex);
 115:Core/Src/main.c ****   lora_mutexHandle = osMutexCreate(osMutex(lora_mutex));
 116:Core/Src/main.c **** 
 117:Core/Src/main.c ****   /* USER CODE BEGIN RTOS_MUTEX */
 118:Core/Src/main.c ****   /* add mutexes, ... */
 119:Core/Src/main.c ****   /* USER CODE END RTOS_MUTEX */
 120:Core/Src/main.c **** 
 121:Core/Src/main.c ****   /* USER CODE BEGIN RTOS_SEMAPHORES */
 122:Core/Src/main.c ****   /* add semaphores, ... */
 123:Core/Src/main.c ****   /* USER CODE END RTOS_SEMAPHORES */
 124:Core/Src/main.c **** 
 125:Core/Src/main.c ****   /* Create the timer(s) */
 126:Core/Src/main.c ****   /* definition and creation of msTick */
 127:Core/Src/main.c ****   osTimerDef(msTick, msTickCallback);
 128:Core/Src/main.c ****   msTickHandle = osTimerCreate(osTimer(msTick), osTimerPeriodic, NULL);
 129:Core/Src/main.c **** 
 130:Core/Src/main.c ****   /* definition and creation of loraRXtimer */
 131:Core/Src/main.c ****   osTimerDef(loraRXtimer, loraRXtimerCallback);
 132:Core/Src/main.c ****   loraRXtimerHandle = osTimerCreate(osTimer(loraRXtimer), osTimerPeriodic, NULL);
 133:Core/Src/main.c **** 
 134:Core/Src/main.c ****   /* USER CODE BEGIN RTOS_TIMERS */
 135:Core/Src/main.c ****   /* start timers, add new ones, ... */
 136:Core/Src/main.c ****   /* USER CODE END RTOS_TIMERS */
 137:Core/Src/main.c **** 
 138:Core/Src/main.c ****   /* USER CODE BEGIN RTOS_QUEUES */
 139:Core/Src/main.c ****   /* add queues, ... */
 140:Core/Src/main.c ****   /* USER CODE END RTOS_QUEUES */
 141:Core/Src/main.c **** 
 142:Core/Src/main.c ****   /* Create the thread(s) */
 143:Core/Src/main.c ****   /* definition and creation of defaultTask */
ARM GAS  C:\Users\jdcox\AppData\Local\Temp\cccys3mp.s 			page 4


 144:Core/Src/main.c ****   osThreadDef(defaultTask, StartDefaultTask, osPriorityNormal, 0, 128);
 145:Core/Src/main.c ****   defaultTaskHandle = osThreadCreate(osThread(defaultTask), NULL);
 146:Core/Src/main.c **** 
 147:Core/Src/main.c ****   /* definition and creation of loraRXTask */
 148:Core/Src/main.c ****   osThreadDef(loraRXTask, StartTask02, osPriorityNormal, 0, 128);
 149:Core/Src/main.c ****   loraRXTaskHandle = osThreadCreate(osThread(loraRXTask), NULL);
 150:Core/Src/main.c **** 
 151:Core/Src/main.c ****   /* USER CODE BEGIN RTOS_THREADS */
 152:Core/Src/main.c ****   /* add threads, ... */
 153:Core/Src/main.c ****   /* USER CODE END RTOS_THREADS */
 154:Core/Src/main.c **** 
 155:Core/Src/main.c ****   /* Start scheduler */
 156:Core/Src/main.c ****   osKernelStart();
 157:Core/Src/main.c **** 
 158:Core/Src/main.c ****   /* We should never get here as control is now taken by the scheduler */
 159:Core/Src/main.c ****   /* Infinite loop */
 160:Core/Src/main.c ****   /* USER CODE BEGIN WHILE */
 161:Core/Src/main.c ****   while (1)
 162:Core/Src/main.c ****   {
 163:Core/Src/main.c ****     /* USER CODE END WHILE */
 164:Core/Src/main.c **** 
 165:Core/Src/main.c ****     /* USER CODE BEGIN 3 */
 166:Core/Src/main.c ****   }
 167:Core/Src/main.c ****   /* USER CODE END 3 */
 168:Core/Src/main.c **** }
 169:Core/Src/main.c **** 
 170:Core/Src/main.c **** /**
 171:Core/Src/main.c ****   * @brief System Clock Configuration
 172:Core/Src/main.c ****   * @retval None
 173:Core/Src/main.c ****   */
 174:Core/Src/main.c **** void SystemClock_Config(void)
 175:Core/Src/main.c **** {
 176:Core/Src/main.c ****   RCC_OscInitTypeDef RCC_OscInitStruct = {0};
 177:Core/Src/main.c ****   RCC_ClkInitTypeDef RCC_ClkInitStruct = {0};
 178:Core/Src/main.c **** 
 179:Core/Src/main.c ****   /** Configure the main internal regulator output voltage
 180:Core/Src/main.c ****   */
 181:Core/Src/main.c ****   __HAL_RCC_PWR_CLK_ENABLE();
 182:Core/Src/main.c ****   __HAL_PWR_VOLTAGESCALING_CONFIG(PWR_REGULATOR_VOLTAGE_SCALE2);
 183:Core/Src/main.c **** 
 184:Core/Src/main.c ****   /** Initializes the RCC Oscillators according to the specified parameters
 185:Core/Src/main.c ****   * in the RCC_OscInitTypeDef structure.
 186:Core/Src/main.c ****   */
 187:Core/Src/main.c ****   RCC_OscInitStruct.OscillatorType = RCC_OSCILLATORTYPE_HSE;
 188:Core/Src/main.c ****   RCC_OscInitStruct.HSEState = RCC_HSE_ON;
 189:Core/Src/main.c ****   RCC_OscInitStruct.PLL.PLLState = RCC_PLL_ON;
 190:Core/Src/main.c ****   RCC_OscInitStruct.PLL.PLLSource = RCC_PLLSOURCE_HSE;
 191:Core/Src/main.c ****   RCC_OscInitStruct.PLL.PLLM = 25;
 192:Core/Src/main.c ****   RCC_OscInitStruct.PLL.PLLN = 336;
 193:Core/Src/main.c ****   RCC_OscInitStruct.PLL.PLLP = RCC_PLLP_DIV4;
 194:Core/Src/main.c ****   RCC_OscInitStruct.PLL.PLLQ = 7;
 195:Core/Src/main.c ****   if (HAL_RCC_OscConfig(&RCC_OscInitStruct) != HAL_OK)
 196:Core/Src/main.c ****   {
 197:Core/Src/main.c ****     Error_Handler();
 198:Core/Src/main.c ****   }
 199:Core/Src/main.c **** 
 200:Core/Src/main.c ****   /** Initializes the CPU, AHB and APB buses clocks
ARM GAS  C:\Users\jdcox\AppData\Local\Temp\cccys3mp.s 			page 5


 201:Core/Src/main.c ****   */
 202:Core/Src/main.c ****   RCC_ClkInitStruct.ClockType = RCC_CLOCKTYPE_HCLK|RCC_CLOCKTYPE_SYSCLK
 203:Core/Src/main.c ****                               |RCC_CLOCKTYPE_PCLK1|RCC_CLOCKTYPE_PCLK2;
 204:Core/Src/main.c ****   RCC_ClkInitStruct.SYSCLKSource = RCC_SYSCLKSOURCE_PLLCLK;
 205:Core/Src/main.c ****   RCC_ClkInitStruct.AHBCLKDivider = RCC_SYSCLK_DIV1;
 206:Core/Src/main.c ****   RCC_ClkInitStruct.APB1CLKDivider = RCC_HCLK_DIV2;
 207:Core/Src/main.c ****   RCC_ClkInitStruct.APB2CLKDivider = RCC_HCLK_DIV1;
 208:Core/Src/main.c **** 
 209:Core/Src/main.c ****   if (HAL_RCC_ClockConfig(&RCC_ClkInitStruct, FLASH_LATENCY_2) != HAL_OK)
 210:Core/Src/main.c ****   {
 211:Core/Src/main.c ****     Error_Handler();
 212:Core/Src/main.c ****   }
 213:Core/Src/main.c **** }
 214:Core/Src/main.c **** 
 215:Core/Src/main.c **** /**
 216:Core/Src/main.c ****   * @brief I2C1 Initialization Function
 217:Core/Src/main.c ****   * @param None
 218:Core/Src/main.c ****   * @retval None
 219:Core/Src/main.c ****   */
 220:Core/Src/main.c **** static void MX_I2C1_Init(void)
 221:Core/Src/main.c **** {
 222:Core/Src/main.c **** 
 223:Core/Src/main.c ****   /* USER CODE BEGIN I2C1_Init 0 */
 224:Core/Src/main.c **** 
 225:Core/Src/main.c ****   /* USER CODE END I2C1_Init 0 */
 226:Core/Src/main.c **** 
 227:Core/Src/main.c ****   /* USER CODE BEGIN I2C1_Init 1 */
 228:Core/Src/main.c **** 
 229:Core/Src/main.c ****   /* USER CODE END I2C1_Init 1 */
 230:Core/Src/main.c ****   hi2c1.Instance = I2C1;
 231:Core/Src/main.c ****   hi2c1.Init.ClockSpeed = 100000;
 232:Core/Src/main.c ****   hi2c1.Init.DutyCycle = I2C_DUTYCYCLE_2;
 233:Core/Src/main.c ****   hi2c1.Init.OwnAddress1 = 78;
 234:Core/Src/main.c ****   hi2c1.Init.AddressingMode = I2C_ADDRESSINGMODE_7BIT;
 235:Core/Src/main.c ****   hi2c1.Init.DualAddressMode = I2C_DUALADDRESS_DISABLE;
 236:Core/Src/main.c ****   hi2c1.Init.OwnAddress2 = 0;
 237:Core/Src/main.c ****   hi2c1.Init.GeneralCallMode = I2C_GENERALCALL_DISABLE;
 238:Core/Src/main.c ****   hi2c1.Init.NoStretchMode = I2C_NOSTRETCH_DISABLE;
 239:Core/Src/main.c ****   if (HAL_I2C_Init(&hi2c1) != HAL_OK)
 240:Core/Src/main.c ****   {
 241:Core/Src/main.c ****     Error_Handler();
 242:Core/Src/main.c ****   }
 243:Core/Src/main.c ****   /* USER CODE BEGIN I2C1_Init 2 */
 244:Core/Src/main.c **** 
 245:Core/Src/main.c ****   /* USER CODE END I2C1_Init 2 */
 246:Core/Src/main.c **** 
 247:Core/Src/main.c **** }
 248:Core/Src/main.c **** 
 249:Core/Src/main.c **** /**
 250:Core/Src/main.c ****   * @brief SPI1 Initialization Function
 251:Core/Src/main.c ****   * @param None
 252:Core/Src/main.c ****   * @retval None
 253:Core/Src/main.c ****   */
 254:Core/Src/main.c **** static void MX_SPI1_Init(void)
 255:Core/Src/main.c **** {
 256:Core/Src/main.c **** 
 257:Core/Src/main.c ****   /* USER CODE BEGIN SPI1_Init 0 */
ARM GAS  C:\Users\jdcox\AppData\Local\Temp\cccys3mp.s 			page 6


 258:Core/Src/main.c **** 
 259:Core/Src/main.c ****   /* USER CODE END SPI1_Init 0 */
 260:Core/Src/main.c **** 
 261:Core/Src/main.c ****   /* USER CODE BEGIN SPI1_Init 1 */
 262:Core/Src/main.c **** 
 263:Core/Src/main.c ****   /* USER CODE END SPI1_Init 1 */
 264:Core/Src/main.c ****   /* SPI1 parameter configuration*/
 265:Core/Src/main.c ****   hspi1.Instance = SPI1;
 266:Core/Src/main.c ****   hspi1.Init.Mode = SPI_MODE_MASTER;
 267:Core/Src/main.c ****   hspi1.Init.Direction = SPI_DIRECTION_2LINES;
 268:Core/Src/main.c ****   hspi1.Init.DataSize = SPI_DATASIZE_8BIT;
 269:Core/Src/main.c ****   hspi1.Init.CLKPolarity = SPI_POLARITY_LOW;
 270:Core/Src/main.c ****   hspi1.Init.CLKPhase = SPI_PHASE_1EDGE;
 271:Core/Src/main.c ****   hspi1.Init.NSS = SPI_NSS_SOFT;
 272:Core/Src/main.c ****   hspi1.Init.BaudRatePrescaler = SPI_BAUDRATEPRESCALER_16;
 273:Core/Src/main.c ****   hspi1.Init.FirstBit = SPI_FIRSTBIT_MSB;
 274:Core/Src/main.c ****   hspi1.Init.TIMode = SPI_TIMODE_DISABLE;
 275:Core/Src/main.c ****   hspi1.Init.CRCCalculation = SPI_CRCCALCULATION_DISABLE;
 276:Core/Src/main.c ****   hspi1.Init.CRCPolynomial = 10;
 277:Core/Src/main.c ****   if (HAL_SPI_Init(&hspi1) != HAL_OK)
 278:Core/Src/main.c ****   {
 279:Core/Src/main.c ****     Error_Handler();
 280:Core/Src/main.c ****   }
 281:Core/Src/main.c ****   /* USER CODE BEGIN SPI1_Init 2 */
 282:Core/Src/main.c **** 
 283:Core/Src/main.c ****   /* USER CODE END SPI1_Init 2 */
 284:Core/Src/main.c **** 
 285:Core/Src/main.c **** }
 286:Core/Src/main.c **** 
 287:Core/Src/main.c **** /**
 288:Core/Src/main.c ****   * Enable DMA controller clock
 289:Core/Src/main.c ****   */
 290:Core/Src/main.c **** static void MX_DMA_Init(void)
 291:Core/Src/main.c **** {
 292:Core/Src/main.c **** 
 293:Core/Src/main.c ****   /* DMA controller clock enable */
 294:Core/Src/main.c ****   __HAL_RCC_DMA1_CLK_ENABLE();
 295:Core/Src/main.c **** 
 296:Core/Src/main.c ****   /* DMA interrupt init */
 297:Core/Src/main.c ****   /* DMA1_Stream6_IRQn interrupt configuration */
 298:Core/Src/main.c ****   HAL_NVIC_SetPriority(DMA1_Stream6_IRQn, 5, 0);
 299:Core/Src/main.c ****   HAL_NVIC_EnableIRQ(DMA1_Stream6_IRQn);
 300:Core/Src/main.c **** 
 301:Core/Src/main.c **** }
 302:Core/Src/main.c **** 
 303:Core/Src/main.c **** /**
 304:Core/Src/main.c ****   * @brief GPIO Initialization Function
 305:Core/Src/main.c ****   * @param None
 306:Core/Src/main.c ****   * @retval None
 307:Core/Src/main.c ****   */
 308:Core/Src/main.c **** static void MX_GPIO_Init(void)
 309:Core/Src/main.c **** {
 310:Core/Src/main.c ****   GPIO_InitTypeDef GPIO_InitStruct = {0};
 311:Core/Src/main.c **** 
 312:Core/Src/main.c ****   /* GPIO Ports Clock Enable */
 313:Core/Src/main.c ****   __HAL_RCC_GPIOH_CLK_ENABLE();
 314:Core/Src/main.c ****   __HAL_RCC_GPIOA_CLK_ENABLE();
ARM GAS  C:\Users\jdcox\AppData\Local\Temp\cccys3mp.s 			page 7


 315:Core/Src/main.c ****   __HAL_RCC_GPIOB_CLK_ENABLE();
 316:Core/Src/main.c **** 
 317:Core/Src/main.c ****   /*Configure GPIO pin Output Level */
 318:Core/Src/main.c ****   HAL_GPIO_WritePin(GPIOB, LED1_Pin|LED2_Pin, GPIO_PIN_RESET);
 319:Core/Src/main.c **** 
 320:Core/Src/main.c ****   /*Configure GPIO pin Output Level */
 321:Core/Src/main.c ****   HAL_GPIO_WritePin(LORA_CS_GPIO_Port, LORA_CS_Pin, GPIO_PIN_RESET);
 322:Core/Src/main.c **** 
 323:Core/Src/main.c ****   /*Configure GPIO pin : BTN_IN_Pin */
 324:Core/Src/main.c ****   GPIO_InitStruct.Pin = BTN_IN_Pin;
 325:Core/Src/main.c ****   GPIO_InitStruct.Mode = GPIO_MODE_IT_FALLING;
 326:Core/Src/main.c ****   GPIO_InitStruct.Pull = GPIO_PULLUP;
 327:Core/Src/main.c ****   HAL_GPIO_Init(BTN_IN_GPIO_Port, &GPIO_InitStruct);
 328:Core/Src/main.c **** 
 329:Core/Src/main.c ****   /*Configure GPIO pins : LED1_Pin LED2_Pin */
 330:Core/Src/main.c ****   GPIO_InitStruct.Pin = LED1_Pin|LED2_Pin;
 331:Core/Src/main.c ****   GPIO_InitStruct.Mode = GPIO_MODE_OUTPUT_PP;
 332:Core/Src/main.c ****   GPIO_InitStruct.Pull = GPIO_NOPULL;
 333:Core/Src/main.c ****   GPIO_InitStruct.Speed = GPIO_SPEED_FREQ_LOW;
 334:Core/Src/main.c ****   HAL_GPIO_Init(GPIOB, &GPIO_InitStruct);
 335:Core/Src/main.c **** 
 336:Core/Src/main.c ****   /*Configure GPIO pin : LORA_CS_Pin */
 337:Core/Src/main.c ****   GPIO_InitStruct.Pin = LORA_CS_Pin;
 338:Core/Src/main.c ****   GPIO_InitStruct.Mode = GPIO_MODE_OUTPUT_PP;
 339:Core/Src/main.c ****   GPIO_InitStruct.Pull = GPIO_NOPULL;
 340:Core/Src/main.c ****   GPIO_InitStruct.Speed = GPIO_SPEED_FREQ_LOW;
 341:Core/Src/main.c ****   HAL_GPIO_Init(LORA_CS_GPIO_Port, &GPIO_InitStruct);
 342:Core/Src/main.c **** 
 343:Core/Src/main.c **** }
 344:Core/Src/main.c **** 
 345:Core/Src/main.c **** /* USER CODE BEGIN 4 */
 346:Core/Src/main.c **** 
 347:Core/Src/main.c **** /* USER CODE END 4 */
 348:Core/Src/main.c **** 
 349:Core/Src/main.c **** /* USER CODE BEGIN Header_StartDefaultTask */
 350:Core/Src/main.c **** /**
 351:Core/Src/main.c ****   * @brief  Function implementing the defaultTask thread.
 352:Core/Src/main.c ****   * @param  argument: Not used
 353:Core/Src/main.c ****   * @retval None
 354:Core/Src/main.c ****   */
 355:Core/Src/main.c **** /* USER CODE END Header_StartDefaultTask */
 356:Core/Src/main.c **** void StartDefaultTask(void const * argument)
 357:Core/Src/main.c **** {
 358:Core/Src/main.c ****   /* USER CODE BEGIN 5 */
 359:Core/Src/main.c ****   /* Infinite loop */
 360:Core/Src/main.c ****   for(;;)
 361:Core/Src/main.c ****   {
 362:Core/Src/main.c **** 
 363:Core/Src/main.c ****     HAL_GPIO_TogglePin(LED1_GPIO_Port,LED1_Pin);
 364:Core/Src/main.c ****     osDelay(500);
 365:Core/Src/main.c **** 
 366:Core/Src/main.c **** 
 367:Core/Src/main.c ****   }
 368:Core/Src/main.c ****   /* USER CODE END 5 */
 369:Core/Src/main.c **** }
 370:Core/Src/main.c **** 
 371:Core/Src/main.c **** /* USER CODE BEGIN Header_StartTask02 */
ARM GAS  C:\Users\jdcox\AppData\Local\Temp\cccys3mp.s 			page 8


 372:Core/Src/main.c **** /**
 373:Core/Src/main.c **** * @brief Function implementing the loraRXTask thread.
 374:Core/Src/main.c **** * @param argument: Not used
 375:Core/Src/main.c **** * @retval None
 376:Core/Src/main.c **** */
 377:Core/Src/main.c **** /* USER CODE END Header_StartTask02 */
 378:Core/Src/main.c **** void StartTask02(void const * argument)
 379:Core/Src/main.c **** {
 380:Core/Src/main.c ****   /* USER CODE BEGIN StartTask02 */
 381:Core/Src/main.c ****   /* Infinite loop */
 382:Core/Src/main.c ****   for(;;)
 383:Core/Src/main.c ****   {
 384:Core/Src/main.c ****     osDelay(1);
 385:Core/Src/main.c ****   }
 386:Core/Src/main.c ****   /* USER CODE END StartTask02 */
 387:Core/Src/main.c **** }
 388:Core/Src/main.c **** 
 389:Core/Src/main.c **** /* msTickCallback function */
 390:Core/Src/main.c **** void msTickCallback(void const * argument)
 391:Core/Src/main.c **** {
  30              		.loc 1 391 1 view -0
  31              		.cfi_startproc
  32              		@ args = 0, pretend = 0, frame = 0
  33              		@ frame_needed = 0, uses_anonymous_args = 0
  34              		@ link register save eliminated.
 392:Core/Src/main.c ****   /* USER CODE BEGIN msTickCallback */
 393:Core/Src/main.c **** 
 394:Core/Src/main.c ****   /* USER CODE END msTickCallback */
 395:Core/Src/main.c **** }
  35              		.loc 1 395 1 view .LVU1
  36 0000 7047     		bx	lr
  37              		.cfi_endproc
  38              	.LFE143:
  40              		.section	.text.loraRXtimerCallback,"ax",%progbits
  41              		.align	1
  42              		.global	loraRXtimerCallback
  43              		.syntax unified
  44              		.thumb
  45              		.thumb_func
  47              	loraRXtimerCallback:
  48              	.LVL1:
  49              	.LFB144:
 396:Core/Src/main.c **** 
 397:Core/Src/main.c **** /* loraRXtimerCallback function */
 398:Core/Src/main.c **** void loraRXtimerCallback(void const * argument)
 399:Core/Src/main.c **** {
  50              		.loc 1 399 1 view -0
  51              		.cfi_startproc
  52              		@ args = 0, pretend = 0, frame = 0
  53              		@ frame_needed = 0, uses_anonymous_args = 0
  54              		@ link register save eliminated.
 400:Core/Src/main.c ****   /* USER CODE BEGIN loraRXtimerCallback */
 401:Core/Src/main.c **** 
 402:Core/Src/main.c ****   /* USER CODE END loraRXtimerCallback */
 403:Core/Src/main.c **** }
  55              		.loc 1 403 1 view .LVU3
  56 0000 7047     		bx	lr
ARM GAS  C:\Users\jdcox\AppData\Local\Temp\cccys3mp.s 			page 9


  57              		.cfi_endproc
  58              	.LFE144:
  60              		.section	.text.MX_GPIO_Init,"ax",%progbits
  61              		.align	1
  62              		.syntax unified
  63              		.thumb
  64              		.thumb_func
  66              	MX_GPIO_Init:
  67              	.LFB140:
 309:Core/Src/main.c ****   GPIO_InitTypeDef GPIO_InitStruct = {0};
  68              		.loc 1 309 1 view -0
  69              		.cfi_startproc
  70              		@ args = 0, pretend = 0, frame = 32
  71              		@ frame_needed = 0, uses_anonymous_args = 0
  72 0000 F0B5     		push	{r4, r5, r6, r7, lr}
  73              	.LCFI0:
  74              		.cfi_def_cfa_offset 20
  75              		.cfi_offset 4, -20
  76              		.cfi_offset 5, -16
  77              		.cfi_offset 6, -12
  78              		.cfi_offset 7, -8
  79              		.cfi_offset 14, -4
  80 0002 89B0     		sub	sp, sp, #36
  81              	.LCFI1:
  82              		.cfi_def_cfa_offset 56
 310:Core/Src/main.c **** 
  83              		.loc 1 310 3 view .LVU5
 310:Core/Src/main.c **** 
  84              		.loc 1 310 20 is_stmt 0 view .LVU6
  85 0004 0024     		movs	r4, #0
  86 0006 0394     		str	r4, [sp, #12]
  87 0008 0494     		str	r4, [sp, #16]
  88 000a 0594     		str	r4, [sp, #20]
  89 000c 0694     		str	r4, [sp, #24]
  90 000e 0794     		str	r4, [sp, #28]
 313:Core/Src/main.c ****   __HAL_RCC_GPIOA_CLK_ENABLE();
  91              		.loc 1 313 3 is_stmt 1 view .LVU7
  92              	.LBB4:
 313:Core/Src/main.c ****   __HAL_RCC_GPIOA_CLK_ENABLE();
  93              		.loc 1 313 3 view .LVU8
  94 0010 0094     		str	r4, [sp]
 313:Core/Src/main.c ****   __HAL_RCC_GPIOA_CLK_ENABLE();
  95              		.loc 1 313 3 view .LVU9
  96 0012 254B     		ldr	r3, .L5
  97 0014 1A6B     		ldr	r2, [r3, #48]
  98 0016 42F08002 		orr	r2, r2, #128
  99 001a 1A63     		str	r2, [r3, #48]
 313:Core/Src/main.c ****   __HAL_RCC_GPIOA_CLK_ENABLE();
 100              		.loc 1 313 3 view .LVU10
 101 001c 1A6B     		ldr	r2, [r3, #48]
 102 001e 02F08002 		and	r2, r2, #128
 103 0022 0092     		str	r2, [sp]
 313:Core/Src/main.c ****   __HAL_RCC_GPIOA_CLK_ENABLE();
 104              		.loc 1 313 3 view .LVU11
 105 0024 009A     		ldr	r2, [sp]
 106              	.LBE4:
 313:Core/Src/main.c ****   __HAL_RCC_GPIOA_CLK_ENABLE();
ARM GAS  C:\Users\jdcox\AppData\Local\Temp\cccys3mp.s 			page 10


 107              		.loc 1 313 3 view .LVU12
 314:Core/Src/main.c ****   __HAL_RCC_GPIOB_CLK_ENABLE();
 108              		.loc 1 314 3 view .LVU13
 109              	.LBB5:
 314:Core/Src/main.c ****   __HAL_RCC_GPIOB_CLK_ENABLE();
 110              		.loc 1 314 3 view .LVU14
 111 0026 0194     		str	r4, [sp, #4]
 314:Core/Src/main.c ****   __HAL_RCC_GPIOB_CLK_ENABLE();
 112              		.loc 1 314 3 view .LVU15
 113 0028 1A6B     		ldr	r2, [r3, #48]
 114 002a 42F00102 		orr	r2, r2, #1
 115 002e 1A63     		str	r2, [r3, #48]
 314:Core/Src/main.c ****   __HAL_RCC_GPIOB_CLK_ENABLE();
 116              		.loc 1 314 3 view .LVU16
 117 0030 1A6B     		ldr	r2, [r3, #48]
 118 0032 02F00102 		and	r2, r2, #1
 119 0036 0192     		str	r2, [sp, #4]
 314:Core/Src/main.c ****   __HAL_RCC_GPIOB_CLK_ENABLE();
 120              		.loc 1 314 3 view .LVU17
 121 0038 019A     		ldr	r2, [sp, #4]
 122              	.LBE5:
 314:Core/Src/main.c ****   __HAL_RCC_GPIOB_CLK_ENABLE();
 123              		.loc 1 314 3 view .LVU18
 315:Core/Src/main.c **** 
 124              		.loc 1 315 3 view .LVU19
 125              	.LBB6:
 315:Core/Src/main.c **** 
 126              		.loc 1 315 3 view .LVU20
 127 003a 0294     		str	r4, [sp, #8]
 315:Core/Src/main.c **** 
 128              		.loc 1 315 3 view .LVU21
 129 003c 1A6B     		ldr	r2, [r3, #48]
 130 003e 42F00202 		orr	r2, r2, #2
 131 0042 1A63     		str	r2, [r3, #48]
 315:Core/Src/main.c **** 
 132              		.loc 1 315 3 view .LVU22
 133 0044 1B6B     		ldr	r3, [r3, #48]
 134 0046 03F00203 		and	r3, r3, #2
 135 004a 0293     		str	r3, [sp, #8]
 315:Core/Src/main.c **** 
 136              		.loc 1 315 3 view .LVU23
 137 004c 029B     		ldr	r3, [sp, #8]
 138              	.LBE6:
 315:Core/Src/main.c **** 
 139              		.loc 1 315 3 view .LVU24
 318:Core/Src/main.c **** 
 140              		.loc 1 318 3 view .LVU25
 141 004e 174E     		ldr	r6, .L5+4
 142 0050 2246     		mov	r2, r4
 143 0052 0621     		movs	r1, #6
 144 0054 3046     		mov	r0, r6
 145 0056 FFF7FEFF 		bl	HAL_GPIO_WritePin
 146              	.LVL2:
 321:Core/Src/main.c **** 
 147              		.loc 1 321 3 view .LVU26
 148 005a 154F     		ldr	r7, .L5+8
 149 005c 2246     		mov	r2, r4
ARM GAS  C:\Users\jdcox\AppData\Local\Temp\cccys3mp.s 			page 11


 150 005e 4FF48061 		mov	r1, #1024
 151 0062 3846     		mov	r0, r7
 152 0064 FFF7FEFF 		bl	HAL_GPIO_WritePin
 153              	.LVL3:
 324:Core/Src/main.c ****   GPIO_InitStruct.Mode = GPIO_MODE_IT_FALLING;
 154              		.loc 1 324 3 view .LVU27
 324:Core/Src/main.c ****   GPIO_InitStruct.Mode = GPIO_MODE_IT_FALLING;
 155              		.loc 1 324 23 is_stmt 0 view .LVU28
 156 0068 0125     		movs	r5, #1
 157 006a 0395     		str	r5, [sp, #12]
 325:Core/Src/main.c ****   GPIO_InitStruct.Pull = GPIO_PULLUP;
 158              		.loc 1 325 3 is_stmt 1 view .LVU29
 325:Core/Src/main.c ****   GPIO_InitStruct.Pull = GPIO_PULLUP;
 159              		.loc 1 325 24 is_stmt 0 view .LVU30
 160 006c 4FF40413 		mov	r3, #2162688
 161 0070 0493     		str	r3, [sp, #16]
 326:Core/Src/main.c ****   HAL_GPIO_Init(BTN_IN_GPIO_Port, &GPIO_InitStruct);
 162              		.loc 1 326 3 is_stmt 1 view .LVU31
 326:Core/Src/main.c ****   HAL_GPIO_Init(BTN_IN_GPIO_Port, &GPIO_InitStruct);
 163              		.loc 1 326 24 is_stmt 0 view .LVU32
 164 0072 0595     		str	r5, [sp, #20]
 327:Core/Src/main.c **** 
 165              		.loc 1 327 3 is_stmt 1 view .LVU33
 166 0074 03A9     		add	r1, sp, #12
 167 0076 3046     		mov	r0, r6
 168 0078 FFF7FEFF 		bl	HAL_GPIO_Init
 169              	.LVL4:
 330:Core/Src/main.c ****   GPIO_InitStruct.Mode = GPIO_MODE_OUTPUT_PP;
 170              		.loc 1 330 3 view .LVU34
 330:Core/Src/main.c ****   GPIO_InitStruct.Mode = GPIO_MODE_OUTPUT_PP;
 171              		.loc 1 330 23 is_stmt 0 view .LVU35
 172 007c 0623     		movs	r3, #6
 173 007e 0393     		str	r3, [sp, #12]
 331:Core/Src/main.c ****   GPIO_InitStruct.Pull = GPIO_NOPULL;
 174              		.loc 1 331 3 is_stmt 1 view .LVU36
 331:Core/Src/main.c ****   GPIO_InitStruct.Pull = GPIO_NOPULL;
 175              		.loc 1 331 24 is_stmt 0 view .LVU37
 176 0080 0495     		str	r5, [sp, #16]
 332:Core/Src/main.c ****   GPIO_InitStruct.Speed = GPIO_SPEED_FREQ_LOW;
 177              		.loc 1 332 3 is_stmt 1 view .LVU38
 332:Core/Src/main.c ****   GPIO_InitStruct.Speed = GPIO_SPEED_FREQ_LOW;
 178              		.loc 1 332 24 is_stmt 0 view .LVU39
 179 0082 0594     		str	r4, [sp, #20]
 333:Core/Src/main.c ****   HAL_GPIO_Init(GPIOB, &GPIO_InitStruct);
 180              		.loc 1 333 3 is_stmt 1 view .LVU40
 333:Core/Src/main.c ****   HAL_GPIO_Init(GPIOB, &GPIO_InitStruct);
 181              		.loc 1 333 25 is_stmt 0 view .LVU41
 182 0084 0694     		str	r4, [sp, #24]
 334:Core/Src/main.c **** 
 183              		.loc 1 334 3 is_stmt 1 view .LVU42
 184 0086 03A9     		add	r1, sp, #12
 185 0088 3046     		mov	r0, r6
 186 008a FFF7FEFF 		bl	HAL_GPIO_Init
 187              	.LVL5:
 337:Core/Src/main.c ****   GPIO_InitStruct.Mode = GPIO_MODE_OUTPUT_PP;
 188              		.loc 1 337 3 view .LVU43
 337:Core/Src/main.c ****   GPIO_InitStruct.Mode = GPIO_MODE_OUTPUT_PP;
ARM GAS  C:\Users\jdcox\AppData\Local\Temp\cccys3mp.s 			page 12


 189              		.loc 1 337 23 is_stmt 0 view .LVU44
 190 008e 4FF48063 		mov	r3, #1024
 191 0092 0393     		str	r3, [sp, #12]
 338:Core/Src/main.c ****   GPIO_InitStruct.Pull = GPIO_NOPULL;
 192              		.loc 1 338 3 is_stmt 1 view .LVU45
 338:Core/Src/main.c ****   GPIO_InitStruct.Pull = GPIO_NOPULL;
 193              		.loc 1 338 24 is_stmt 0 view .LVU46
 194 0094 0495     		str	r5, [sp, #16]
 339:Core/Src/main.c ****   GPIO_InitStruct.Speed = GPIO_SPEED_FREQ_LOW;
 195              		.loc 1 339 3 is_stmt 1 view .LVU47
 339:Core/Src/main.c ****   GPIO_InitStruct.Speed = GPIO_SPEED_FREQ_LOW;
 196              		.loc 1 339 24 is_stmt 0 view .LVU48
 197 0096 0594     		str	r4, [sp, #20]
 340:Core/Src/main.c ****   HAL_GPIO_Init(LORA_CS_GPIO_Port, &GPIO_InitStruct);
 198              		.loc 1 340 3 is_stmt 1 view .LVU49
 340:Core/Src/main.c ****   HAL_GPIO_Init(LORA_CS_GPIO_Port, &GPIO_InitStruct);
 199              		.loc 1 340 25 is_stmt 0 view .LVU50
 200 0098 0694     		str	r4, [sp, #24]
 341:Core/Src/main.c **** 
 201              		.loc 1 341 3 is_stmt 1 view .LVU51
 202 009a 03A9     		add	r1, sp, #12
 203 009c 3846     		mov	r0, r7
 204 009e FFF7FEFF 		bl	HAL_GPIO_Init
 205              	.LVL6:
 343:Core/Src/main.c **** 
 206              		.loc 1 343 1 is_stmt 0 view .LVU52
 207 00a2 09B0     		add	sp, sp, #36
 208              	.LCFI2:
 209              		.cfi_def_cfa_offset 20
 210              		@ sp needed
 211 00a4 F0BD     		pop	{r4, r5, r6, r7, pc}
 212              	.L6:
 213 00a6 00BF     		.align	2
 214              	.L5:
 215 00a8 00380240 		.word	1073887232
 216 00ac 00040240 		.word	1073873920
 217 00b0 00000240 		.word	1073872896
 218              		.cfi_endproc
 219              	.LFE140:
 221              		.section	.text.MX_DMA_Init,"ax",%progbits
 222              		.align	1
 223              		.syntax unified
 224              		.thumb
 225              		.thumb_func
 227              	MX_DMA_Init:
 228              	.LFB139:
 291:Core/Src/main.c **** 
 229              		.loc 1 291 1 is_stmt 1 view -0
 230              		.cfi_startproc
 231              		@ args = 0, pretend = 0, frame = 8
 232              		@ frame_needed = 0, uses_anonymous_args = 0
 233 0000 00B5     		push	{lr}
 234              	.LCFI3:
 235              		.cfi_def_cfa_offset 4
 236              		.cfi_offset 14, -4
 237 0002 83B0     		sub	sp, sp, #12
 238              	.LCFI4:
ARM GAS  C:\Users\jdcox\AppData\Local\Temp\cccys3mp.s 			page 13


 239              		.cfi_def_cfa_offset 16
 294:Core/Src/main.c **** 
 240              		.loc 1 294 3 view .LVU54
 241              	.LBB7:
 294:Core/Src/main.c **** 
 242              		.loc 1 294 3 view .LVU55
 243 0004 0022     		movs	r2, #0
 244 0006 0192     		str	r2, [sp, #4]
 294:Core/Src/main.c **** 
 245              		.loc 1 294 3 view .LVU56
 246 0008 094B     		ldr	r3, .L9
 247 000a 196B     		ldr	r1, [r3, #48]
 248 000c 41F40011 		orr	r1, r1, #2097152
 249 0010 1963     		str	r1, [r3, #48]
 294:Core/Src/main.c **** 
 250              		.loc 1 294 3 view .LVU57
 251 0012 1B6B     		ldr	r3, [r3, #48]
 252 0014 03F40013 		and	r3, r3, #2097152
 253 0018 0193     		str	r3, [sp, #4]
 294:Core/Src/main.c **** 
 254              		.loc 1 294 3 view .LVU58
 255 001a 019B     		ldr	r3, [sp, #4]
 256              	.LBE7:
 294:Core/Src/main.c **** 
 257              		.loc 1 294 3 view .LVU59
 298:Core/Src/main.c ****   HAL_NVIC_EnableIRQ(DMA1_Stream6_IRQn);
 258              		.loc 1 298 3 view .LVU60
 259 001c 0521     		movs	r1, #5
 260 001e 1120     		movs	r0, #17
 261 0020 FFF7FEFF 		bl	HAL_NVIC_SetPriority
 262              	.LVL7:
 299:Core/Src/main.c **** 
 263              		.loc 1 299 3 view .LVU61
 264 0024 1120     		movs	r0, #17
 265 0026 FFF7FEFF 		bl	HAL_NVIC_EnableIRQ
 266              	.LVL8:
 301:Core/Src/main.c **** 
 267              		.loc 1 301 1 is_stmt 0 view .LVU62
 268 002a 03B0     		add	sp, sp, #12
 269              	.LCFI5:
 270              		.cfi_def_cfa_offset 4
 271              		@ sp needed
 272 002c 5DF804FB 		ldr	pc, [sp], #4
 273              	.L10:
 274              		.align	2
 275              	.L9:
 276 0030 00380240 		.word	1073887232
 277              		.cfi_endproc
 278              	.LFE139:
 280              		.section	.text.StartDefaultTask,"ax",%progbits
 281              		.align	1
 282              		.global	StartDefaultTask
 283              		.syntax unified
 284              		.thumb
 285              		.thumb_func
 287              	StartDefaultTask:
 288              	.LFB141:
ARM GAS  C:\Users\jdcox\AppData\Local\Temp\cccys3mp.s 			page 14


 357:Core/Src/main.c ****   /* USER CODE BEGIN 5 */
 289              		.loc 1 357 1 is_stmt 1 view -0
 290              		.cfi_startproc
 291              		@ Volatile: function does not return.
 292              		@ args = 0, pretend = 0, frame = 0
 293              		@ frame_needed = 0, uses_anonymous_args = 0
 294              	.LVL9:
 357:Core/Src/main.c ****   /* USER CODE BEGIN 5 */
 295              		.loc 1 357 1 is_stmt 0 view .LVU64
 296 0000 08B5     		push	{r3, lr}
 297              	.LCFI6:
 298              		.cfi_def_cfa_offset 8
 299              		.cfi_offset 3, -8
 300              		.cfi_offset 14, -4
 301              	.LVL10:
 302              	.L12:
 360:Core/Src/main.c ****   {
 303              		.loc 1 360 3 is_stmt 1 discriminator 1 view .LVU65
 363:Core/Src/main.c ****     osDelay(500);
 304              		.loc 1 363 5 discriminator 1 view .LVU66
 305 0002 0221     		movs	r1, #2
 306 0004 0348     		ldr	r0, .L14
 307 0006 FFF7FEFF 		bl	HAL_GPIO_TogglePin
 308              	.LVL11:
 364:Core/Src/main.c **** 
 309              		.loc 1 364 5 discriminator 1 view .LVU67
 310 000a 4FF4FA70 		mov	r0, #500
 311 000e FFF7FEFF 		bl	osDelay
 312              	.LVL12:
 360:Core/Src/main.c ****   {
 313              		.loc 1 360 3 discriminator 1 view .LVU68
 314 0012 F6E7     		b	.L12
 315              	.L15:
 316              		.align	2
 317              	.L14:
 318 0014 00040240 		.word	1073873920
 319              		.cfi_endproc
 320              	.LFE141:
 322              		.section	.text.StartTask02,"ax",%progbits
 323              		.align	1
 324              		.global	StartTask02
 325              		.syntax unified
 326              		.thumb
 327              		.thumb_func
 329              	StartTask02:
 330              	.LFB142:
 379:Core/Src/main.c ****   /* USER CODE BEGIN StartTask02 */
 331              		.loc 1 379 1 view -0
 332              		.cfi_startproc
 333              		@ Volatile: function does not return.
 334              		@ args = 0, pretend = 0, frame = 0
 335              		@ frame_needed = 0, uses_anonymous_args = 0
 336              	.LVL13:
 379:Core/Src/main.c ****   /* USER CODE BEGIN StartTask02 */
 337              		.loc 1 379 1 is_stmt 0 view .LVU70
 338 0000 08B5     		push	{r3, lr}
 339              	.LCFI7:
ARM GAS  C:\Users\jdcox\AppData\Local\Temp\cccys3mp.s 			page 15


 340              		.cfi_def_cfa_offset 8
 341              		.cfi_offset 3, -8
 342              		.cfi_offset 14, -4
 343              	.LVL14:
 344              	.L17:
 382:Core/Src/main.c ****   {
 345              		.loc 1 382 3 is_stmt 1 discriminator 1 view .LVU71
 384:Core/Src/main.c ****   }
 346              		.loc 1 384 5 discriminator 1 view .LVU72
 347 0002 0120     		movs	r0, #1
 348 0004 FFF7FEFF 		bl	osDelay
 349              	.LVL15:
 382:Core/Src/main.c ****   {
 350              		.loc 1 382 3 discriminator 1 view .LVU73
 351 0008 FBE7     		b	.L17
 352              		.cfi_endproc
 353              	.LFE142:
 355              		.section	.text.HAL_TIM_PeriodElapsedCallback,"ax",%progbits
 356              		.align	1
 357              		.global	HAL_TIM_PeriodElapsedCallback
 358              		.syntax unified
 359              		.thumb
 360              		.thumb_func
 362              	HAL_TIM_PeriodElapsedCallback:
 363              	.LVL16:
 364              	.LFB145:
 404:Core/Src/main.c **** 
 405:Core/Src/main.c **** /**
 406:Core/Src/main.c ****   * @brief  Period elapsed callback in non blocking mode
 407:Core/Src/main.c ****   * @note   This function is called  when TIM1 interrupt took place, inside
 408:Core/Src/main.c ****   * HAL_TIM_IRQHandler(). It makes a direct call to HAL_IncTick() to increment
 409:Core/Src/main.c ****   * a global variable "uwTick" used as application time base.
 410:Core/Src/main.c ****   * @param  htim : TIM handle
 411:Core/Src/main.c ****   * @retval None
 412:Core/Src/main.c ****   */
 413:Core/Src/main.c **** void HAL_TIM_PeriodElapsedCallback(TIM_HandleTypeDef *htim)
 414:Core/Src/main.c **** {
 365              		.loc 1 414 1 view -0
 366              		.cfi_startproc
 367              		@ args = 0, pretend = 0, frame = 0
 368              		@ frame_needed = 0, uses_anonymous_args = 0
 369              		.loc 1 414 1 is_stmt 0 view .LVU75
 370 0000 08B5     		push	{r3, lr}
 371              	.LCFI8:
 372              		.cfi_def_cfa_offset 8
 373              		.cfi_offset 3, -8
 374              		.cfi_offset 14, -4
 415:Core/Src/main.c ****   /* USER CODE BEGIN Callback 0 */
 416:Core/Src/main.c **** 
 417:Core/Src/main.c ****   /* USER CODE END Callback 0 */
 418:Core/Src/main.c ****   if (htim->Instance == TIM1) {
 375              		.loc 1 418 3 is_stmt 1 view .LVU76
 376              		.loc 1 418 11 is_stmt 0 view .LVU77
 377 0002 0268     		ldr	r2, [r0]
 378              		.loc 1 418 6 view .LVU78
 379 0004 034B     		ldr	r3, .L23
 380 0006 9A42     		cmp	r2, r3
ARM GAS  C:\Users\jdcox\AppData\Local\Temp\cccys3mp.s 			page 16


 381 0008 00D0     		beq	.L22
 382              	.LVL17:
 383              	.L19:
 419:Core/Src/main.c ****     HAL_IncTick();
 420:Core/Src/main.c ****   }
 421:Core/Src/main.c ****   /* USER CODE BEGIN Callback 1 */
 422:Core/Src/main.c **** 
 423:Core/Src/main.c ****   /* USER CODE END Callback 1 */
 424:Core/Src/main.c **** }
 384              		.loc 1 424 1 view .LVU79
 385 000a 08BD     		pop	{r3, pc}
 386              	.LVL18:
 387              	.L22:
 419:Core/Src/main.c ****     HAL_IncTick();
 388              		.loc 1 419 5 is_stmt 1 view .LVU80
 389 000c FFF7FEFF 		bl	HAL_IncTick
 390              	.LVL19:
 391              		.loc 1 424 1 is_stmt 0 view .LVU81
 392 0010 FBE7     		b	.L19
 393              	.L24:
 394 0012 00BF     		.align	2
 395              	.L23:
 396 0014 00000140 		.word	1073807360
 397              		.cfi_endproc
 398              	.LFE145:
 400              		.section	.text.Error_Handler,"ax",%progbits
 401              		.align	1
 402              		.global	Error_Handler
 403              		.syntax unified
 404              		.thumb
 405              		.thumb_func
 407              	Error_Handler:
 408              	.LFB146:
 425:Core/Src/main.c **** 
 426:Core/Src/main.c **** /**
 427:Core/Src/main.c ****   * @brief  This function is executed in case of error occurrence.
 428:Core/Src/main.c ****   * @retval None
 429:Core/Src/main.c ****   */
 430:Core/Src/main.c **** void Error_Handler(void)
 431:Core/Src/main.c **** {
 409              		.loc 1 431 1 is_stmt 1 view -0
 410              		.cfi_startproc
 411              		@ Volatile: function does not return.
 412              		@ args = 0, pretend = 0, frame = 0
 413              		@ frame_needed = 0, uses_anonymous_args = 0
 414              		@ link register save eliminated.
 432:Core/Src/main.c ****   /* USER CODE BEGIN Error_Handler_Debug */
 433:Core/Src/main.c ****   /* User can add his own implementation to report the HAL error return state */
 434:Core/Src/main.c ****   __disable_irq();
 415              		.loc 1 434 3 view .LVU83
 416              	.LBB8:
 417              	.LBI8:
 418              		.file 2 "Drivers/CMSIS/Include/cmsis_gcc.h"
   1:Drivers/CMSIS/Include/cmsis_gcc.h **** /**************************************************************************//**
   2:Drivers/CMSIS/Include/cmsis_gcc.h ****  * @file     cmsis_gcc.h
   3:Drivers/CMSIS/Include/cmsis_gcc.h ****  * @brief    CMSIS compiler GCC header file
   4:Drivers/CMSIS/Include/cmsis_gcc.h ****  * @version  V5.0.4
ARM GAS  C:\Users\jdcox\AppData\Local\Temp\cccys3mp.s 			page 17


   5:Drivers/CMSIS/Include/cmsis_gcc.h ****  * @date     09. April 2018
   6:Drivers/CMSIS/Include/cmsis_gcc.h ****  ******************************************************************************/
   7:Drivers/CMSIS/Include/cmsis_gcc.h **** /*
   8:Drivers/CMSIS/Include/cmsis_gcc.h ****  * Copyright (c) 2009-2018 Arm Limited. All rights reserved.
   9:Drivers/CMSIS/Include/cmsis_gcc.h ****  *
  10:Drivers/CMSIS/Include/cmsis_gcc.h ****  * SPDX-License-Identifier: Apache-2.0
  11:Drivers/CMSIS/Include/cmsis_gcc.h ****  *
  12:Drivers/CMSIS/Include/cmsis_gcc.h ****  * Licensed under the Apache License, Version 2.0 (the License); you may
  13:Drivers/CMSIS/Include/cmsis_gcc.h ****  * not use this file except in compliance with the License.
  14:Drivers/CMSIS/Include/cmsis_gcc.h ****  * You may obtain a copy of the License at
  15:Drivers/CMSIS/Include/cmsis_gcc.h ****  *
  16:Drivers/CMSIS/Include/cmsis_gcc.h ****  * www.apache.org/licenses/LICENSE-2.0
  17:Drivers/CMSIS/Include/cmsis_gcc.h ****  *
  18:Drivers/CMSIS/Include/cmsis_gcc.h ****  * Unless required by applicable law or agreed to in writing, software
  19:Drivers/CMSIS/Include/cmsis_gcc.h ****  * distributed under the License is distributed on an AS IS BASIS, WITHOUT
  20:Drivers/CMSIS/Include/cmsis_gcc.h ****  * WARRANTIES OR CONDITIONS OF ANY KIND, either express or implied.
  21:Drivers/CMSIS/Include/cmsis_gcc.h ****  * See the License for the specific language governing permissions and
  22:Drivers/CMSIS/Include/cmsis_gcc.h ****  * limitations under the License.
  23:Drivers/CMSIS/Include/cmsis_gcc.h ****  */
  24:Drivers/CMSIS/Include/cmsis_gcc.h **** 
  25:Drivers/CMSIS/Include/cmsis_gcc.h **** #ifndef __CMSIS_GCC_H
  26:Drivers/CMSIS/Include/cmsis_gcc.h **** #define __CMSIS_GCC_H
  27:Drivers/CMSIS/Include/cmsis_gcc.h **** 
  28:Drivers/CMSIS/Include/cmsis_gcc.h **** /* ignore some GCC warnings */
  29:Drivers/CMSIS/Include/cmsis_gcc.h **** #pragma GCC diagnostic push
  30:Drivers/CMSIS/Include/cmsis_gcc.h **** #pragma GCC diagnostic ignored "-Wsign-conversion"
  31:Drivers/CMSIS/Include/cmsis_gcc.h **** #pragma GCC diagnostic ignored "-Wconversion"
  32:Drivers/CMSIS/Include/cmsis_gcc.h **** #pragma GCC diagnostic ignored "-Wunused-parameter"
  33:Drivers/CMSIS/Include/cmsis_gcc.h **** 
  34:Drivers/CMSIS/Include/cmsis_gcc.h **** /* Fallback for __has_builtin */
  35:Drivers/CMSIS/Include/cmsis_gcc.h **** #ifndef __has_builtin
  36:Drivers/CMSIS/Include/cmsis_gcc.h ****   #define __has_builtin(x) (0)
  37:Drivers/CMSIS/Include/cmsis_gcc.h **** #endif
  38:Drivers/CMSIS/Include/cmsis_gcc.h **** 
  39:Drivers/CMSIS/Include/cmsis_gcc.h **** /* CMSIS compiler specific defines */
  40:Drivers/CMSIS/Include/cmsis_gcc.h **** #ifndef   __ASM
  41:Drivers/CMSIS/Include/cmsis_gcc.h ****   #define __ASM                                  __asm
  42:Drivers/CMSIS/Include/cmsis_gcc.h **** #endif
  43:Drivers/CMSIS/Include/cmsis_gcc.h **** #ifndef   __INLINE
  44:Drivers/CMSIS/Include/cmsis_gcc.h ****   #define __INLINE                               inline
  45:Drivers/CMSIS/Include/cmsis_gcc.h **** #endif
  46:Drivers/CMSIS/Include/cmsis_gcc.h **** #ifndef   __STATIC_INLINE
  47:Drivers/CMSIS/Include/cmsis_gcc.h ****   #define __STATIC_INLINE                        static inline
  48:Drivers/CMSIS/Include/cmsis_gcc.h **** #endif
  49:Drivers/CMSIS/Include/cmsis_gcc.h **** #ifndef   __STATIC_FORCEINLINE                 
  50:Drivers/CMSIS/Include/cmsis_gcc.h ****   #define __STATIC_FORCEINLINE                   __attribute__((always_inline)) static inline
  51:Drivers/CMSIS/Include/cmsis_gcc.h **** #endif                                           
  52:Drivers/CMSIS/Include/cmsis_gcc.h **** #ifndef   __NO_RETURN
  53:Drivers/CMSIS/Include/cmsis_gcc.h ****   #define __NO_RETURN                            __attribute__((__noreturn__))
  54:Drivers/CMSIS/Include/cmsis_gcc.h **** #endif
  55:Drivers/CMSIS/Include/cmsis_gcc.h **** #ifndef   __USED
  56:Drivers/CMSIS/Include/cmsis_gcc.h ****   #define __USED                                 __attribute__((used))
  57:Drivers/CMSIS/Include/cmsis_gcc.h **** #endif
  58:Drivers/CMSIS/Include/cmsis_gcc.h **** #ifndef   __WEAK
  59:Drivers/CMSIS/Include/cmsis_gcc.h ****   #define __WEAK                                 __attribute__((weak))
  60:Drivers/CMSIS/Include/cmsis_gcc.h **** #endif
  61:Drivers/CMSIS/Include/cmsis_gcc.h **** #ifndef   __PACKED
ARM GAS  C:\Users\jdcox\AppData\Local\Temp\cccys3mp.s 			page 18


  62:Drivers/CMSIS/Include/cmsis_gcc.h ****   #define __PACKED                               __attribute__((packed, aligned(1)))
  63:Drivers/CMSIS/Include/cmsis_gcc.h **** #endif
  64:Drivers/CMSIS/Include/cmsis_gcc.h **** #ifndef   __PACKED_STRUCT
  65:Drivers/CMSIS/Include/cmsis_gcc.h ****   #define __PACKED_STRUCT                        struct __attribute__((packed, aligned(1)))
  66:Drivers/CMSIS/Include/cmsis_gcc.h **** #endif
  67:Drivers/CMSIS/Include/cmsis_gcc.h **** #ifndef   __PACKED_UNION
  68:Drivers/CMSIS/Include/cmsis_gcc.h ****   #define __PACKED_UNION                         union __attribute__((packed, aligned(1)))
  69:Drivers/CMSIS/Include/cmsis_gcc.h **** #endif
  70:Drivers/CMSIS/Include/cmsis_gcc.h **** #ifndef   __UNALIGNED_UINT32        /* deprecated */
  71:Drivers/CMSIS/Include/cmsis_gcc.h ****   #pragma GCC diagnostic push
  72:Drivers/CMSIS/Include/cmsis_gcc.h ****   #pragma GCC diagnostic ignored "-Wpacked"
  73:Drivers/CMSIS/Include/cmsis_gcc.h ****   #pragma GCC diagnostic ignored "-Wattributes"
  74:Drivers/CMSIS/Include/cmsis_gcc.h ****   struct __attribute__((packed)) T_UINT32 { uint32_t v; };
  75:Drivers/CMSIS/Include/cmsis_gcc.h ****   #pragma GCC diagnostic pop
  76:Drivers/CMSIS/Include/cmsis_gcc.h ****   #define __UNALIGNED_UINT32(x)                  (((struct T_UINT32 *)(x))->v)
  77:Drivers/CMSIS/Include/cmsis_gcc.h **** #endif
  78:Drivers/CMSIS/Include/cmsis_gcc.h **** #ifndef   __UNALIGNED_UINT16_WRITE
  79:Drivers/CMSIS/Include/cmsis_gcc.h ****   #pragma GCC diagnostic push
  80:Drivers/CMSIS/Include/cmsis_gcc.h ****   #pragma GCC diagnostic ignored "-Wpacked"
  81:Drivers/CMSIS/Include/cmsis_gcc.h ****   #pragma GCC diagnostic ignored "-Wattributes"
  82:Drivers/CMSIS/Include/cmsis_gcc.h ****   __PACKED_STRUCT T_UINT16_WRITE { uint16_t v; };
  83:Drivers/CMSIS/Include/cmsis_gcc.h ****   #pragma GCC diagnostic pop
  84:Drivers/CMSIS/Include/cmsis_gcc.h ****   #define __UNALIGNED_UINT16_WRITE(addr, val)    (void)((((struct T_UINT16_WRITE *)(void *)(addr))-
  85:Drivers/CMSIS/Include/cmsis_gcc.h **** #endif
  86:Drivers/CMSIS/Include/cmsis_gcc.h **** #ifndef   __UNALIGNED_UINT16_READ
  87:Drivers/CMSIS/Include/cmsis_gcc.h ****   #pragma GCC diagnostic push
  88:Drivers/CMSIS/Include/cmsis_gcc.h ****   #pragma GCC diagnostic ignored "-Wpacked"
  89:Drivers/CMSIS/Include/cmsis_gcc.h ****   #pragma GCC diagnostic ignored "-Wattributes"
  90:Drivers/CMSIS/Include/cmsis_gcc.h ****   __PACKED_STRUCT T_UINT16_READ { uint16_t v; };
  91:Drivers/CMSIS/Include/cmsis_gcc.h ****   #pragma GCC diagnostic pop
  92:Drivers/CMSIS/Include/cmsis_gcc.h ****   #define __UNALIGNED_UINT16_READ(addr)          (((const struct T_UINT16_READ *)(const void *)(add
  93:Drivers/CMSIS/Include/cmsis_gcc.h **** #endif
  94:Drivers/CMSIS/Include/cmsis_gcc.h **** #ifndef   __UNALIGNED_UINT32_WRITE
  95:Drivers/CMSIS/Include/cmsis_gcc.h ****   #pragma GCC diagnostic push
  96:Drivers/CMSIS/Include/cmsis_gcc.h ****   #pragma GCC diagnostic ignored "-Wpacked"
  97:Drivers/CMSIS/Include/cmsis_gcc.h ****   #pragma GCC diagnostic ignored "-Wattributes"
  98:Drivers/CMSIS/Include/cmsis_gcc.h ****   __PACKED_STRUCT T_UINT32_WRITE { uint32_t v; };
  99:Drivers/CMSIS/Include/cmsis_gcc.h ****   #pragma GCC diagnostic pop
 100:Drivers/CMSIS/Include/cmsis_gcc.h ****   #define __UNALIGNED_UINT32_WRITE(addr, val)    (void)((((struct T_UINT32_WRITE *)(void *)(addr))-
 101:Drivers/CMSIS/Include/cmsis_gcc.h **** #endif
 102:Drivers/CMSIS/Include/cmsis_gcc.h **** #ifndef   __UNALIGNED_UINT32_READ
 103:Drivers/CMSIS/Include/cmsis_gcc.h ****   #pragma GCC diagnostic push
 104:Drivers/CMSIS/Include/cmsis_gcc.h ****   #pragma GCC diagnostic ignored "-Wpacked"
 105:Drivers/CMSIS/Include/cmsis_gcc.h ****   #pragma GCC diagnostic ignored "-Wattributes"
 106:Drivers/CMSIS/Include/cmsis_gcc.h ****   __PACKED_STRUCT T_UINT32_READ { uint32_t v; };
 107:Drivers/CMSIS/Include/cmsis_gcc.h ****   #pragma GCC diagnostic pop
 108:Drivers/CMSIS/Include/cmsis_gcc.h ****   #define __UNALIGNED_UINT32_READ(addr)          (((const struct T_UINT32_READ *)(const void *)(add
 109:Drivers/CMSIS/Include/cmsis_gcc.h **** #endif
 110:Drivers/CMSIS/Include/cmsis_gcc.h **** #ifndef   __ALIGNED
 111:Drivers/CMSIS/Include/cmsis_gcc.h ****   #define __ALIGNED(x)                           __attribute__((aligned(x)))
 112:Drivers/CMSIS/Include/cmsis_gcc.h **** #endif
 113:Drivers/CMSIS/Include/cmsis_gcc.h **** #ifndef   __RESTRICT
 114:Drivers/CMSIS/Include/cmsis_gcc.h ****   #define __RESTRICT                             __restrict
 115:Drivers/CMSIS/Include/cmsis_gcc.h **** #endif
 116:Drivers/CMSIS/Include/cmsis_gcc.h **** 
 117:Drivers/CMSIS/Include/cmsis_gcc.h **** 
 118:Drivers/CMSIS/Include/cmsis_gcc.h **** /* ###########################  Core Function Access  ########################### */
ARM GAS  C:\Users\jdcox\AppData\Local\Temp\cccys3mp.s 			page 19


 119:Drivers/CMSIS/Include/cmsis_gcc.h **** /** \ingroup  CMSIS_Core_FunctionInterface
 120:Drivers/CMSIS/Include/cmsis_gcc.h ****     \defgroup CMSIS_Core_RegAccFunctions CMSIS Core Register Access Functions
 121:Drivers/CMSIS/Include/cmsis_gcc.h ****   @{
 122:Drivers/CMSIS/Include/cmsis_gcc.h ****  */
 123:Drivers/CMSIS/Include/cmsis_gcc.h **** 
 124:Drivers/CMSIS/Include/cmsis_gcc.h **** /**
 125:Drivers/CMSIS/Include/cmsis_gcc.h ****   \brief   Enable IRQ Interrupts
 126:Drivers/CMSIS/Include/cmsis_gcc.h ****   \details Enables IRQ interrupts by clearing the I-bit in the CPSR.
 127:Drivers/CMSIS/Include/cmsis_gcc.h ****            Can only be executed in Privileged modes.
 128:Drivers/CMSIS/Include/cmsis_gcc.h ****  */
 129:Drivers/CMSIS/Include/cmsis_gcc.h **** __STATIC_FORCEINLINE void __enable_irq(void)
 130:Drivers/CMSIS/Include/cmsis_gcc.h **** {
 131:Drivers/CMSIS/Include/cmsis_gcc.h ****   __ASM volatile ("cpsie i" : : : "memory");
 132:Drivers/CMSIS/Include/cmsis_gcc.h **** }
 133:Drivers/CMSIS/Include/cmsis_gcc.h **** 
 134:Drivers/CMSIS/Include/cmsis_gcc.h **** 
 135:Drivers/CMSIS/Include/cmsis_gcc.h **** /**
 136:Drivers/CMSIS/Include/cmsis_gcc.h ****   \brief   Disable IRQ Interrupts
 137:Drivers/CMSIS/Include/cmsis_gcc.h ****   \details Disables IRQ interrupts by setting the I-bit in the CPSR.
 138:Drivers/CMSIS/Include/cmsis_gcc.h ****            Can only be executed in Privileged modes.
 139:Drivers/CMSIS/Include/cmsis_gcc.h ****  */
 140:Drivers/CMSIS/Include/cmsis_gcc.h **** __STATIC_FORCEINLINE void __disable_irq(void)
 419              		.loc 2 140 27 view .LVU84
 420              	.LBB9:
 141:Drivers/CMSIS/Include/cmsis_gcc.h **** {
 142:Drivers/CMSIS/Include/cmsis_gcc.h ****   __ASM volatile ("cpsid i" : : : "memory");
 421              		.loc 2 142 3 view .LVU85
 422              		.syntax unified
 423              	@ 142 "Drivers/CMSIS/Include/cmsis_gcc.h" 1
 424 0000 72B6     		cpsid i
 425              	@ 0 "" 2
 426              		.thumb
 427              		.syntax unified
 428              	.L26:
 429              	.LBE9:
 430              	.LBE8:
 435:Core/Src/main.c ****   while (1)
 431              		.loc 1 435 3 discriminator 1 view .LVU86
 436:Core/Src/main.c ****   {
 437:Core/Src/main.c ****   }
 432              		.loc 1 437 3 discriminator 1 view .LVU87
 435:Core/Src/main.c ****   while (1)
 433              		.loc 1 435 9 discriminator 1 view .LVU88
 434 0002 FEE7     		b	.L26
 435              		.cfi_endproc
 436              	.LFE146:
 438              		.section	.text.MX_SPI1_Init,"ax",%progbits
 439              		.align	1
 440              		.syntax unified
 441              		.thumb
 442              		.thumb_func
 444              	MX_SPI1_Init:
 445              	.LFB138:
 255:Core/Src/main.c **** 
 446              		.loc 1 255 1 view -0
 447              		.cfi_startproc
 448              		@ args = 0, pretend = 0, frame = 0
ARM GAS  C:\Users\jdcox\AppData\Local\Temp\cccys3mp.s 			page 20


 449              		@ frame_needed = 0, uses_anonymous_args = 0
 450 0000 08B5     		push	{r3, lr}
 451              	.LCFI9:
 452              		.cfi_def_cfa_offset 8
 453              		.cfi_offset 3, -8
 454              		.cfi_offset 14, -4
 265:Core/Src/main.c ****   hspi1.Init.Mode = SPI_MODE_MASTER;
 455              		.loc 1 265 3 view .LVU90
 265:Core/Src/main.c ****   hspi1.Init.Mode = SPI_MODE_MASTER;
 456              		.loc 1 265 18 is_stmt 0 view .LVU91
 457 0002 0D48     		ldr	r0, .L31
 458 0004 0D4B     		ldr	r3, .L31+4
 459 0006 0360     		str	r3, [r0]
 266:Core/Src/main.c ****   hspi1.Init.Direction = SPI_DIRECTION_2LINES;
 460              		.loc 1 266 3 is_stmt 1 view .LVU92
 266:Core/Src/main.c ****   hspi1.Init.Direction = SPI_DIRECTION_2LINES;
 461              		.loc 1 266 19 is_stmt 0 view .LVU93
 462 0008 4FF48273 		mov	r3, #260
 463 000c 4360     		str	r3, [r0, #4]
 267:Core/Src/main.c ****   hspi1.Init.DataSize = SPI_DATASIZE_8BIT;
 464              		.loc 1 267 3 is_stmt 1 view .LVU94
 267:Core/Src/main.c ****   hspi1.Init.DataSize = SPI_DATASIZE_8BIT;
 465              		.loc 1 267 24 is_stmt 0 view .LVU95
 466 000e 0023     		movs	r3, #0
 467 0010 8360     		str	r3, [r0, #8]
 268:Core/Src/main.c ****   hspi1.Init.CLKPolarity = SPI_POLARITY_LOW;
 468              		.loc 1 268 3 is_stmt 1 view .LVU96
 268:Core/Src/main.c ****   hspi1.Init.CLKPolarity = SPI_POLARITY_LOW;
 469              		.loc 1 268 23 is_stmt 0 view .LVU97
 470 0012 C360     		str	r3, [r0, #12]
 269:Core/Src/main.c ****   hspi1.Init.CLKPhase = SPI_PHASE_1EDGE;
 471              		.loc 1 269 3 is_stmt 1 view .LVU98
 269:Core/Src/main.c ****   hspi1.Init.CLKPhase = SPI_PHASE_1EDGE;
 472              		.loc 1 269 26 is_stmt 0 view .LVU99
 473 0014 0361     		str	r3, [r0, #16]
 270:Core/Src/main.c ****   hspi1.Init.NSS = SPI_NSS_SOFT;
 474              		.loc 1 270 3 is_stmt 1 view .LVU100
 270:Core/Src/main.c ****   hspi1.Init.NSS = SPI_NSS_SOFT;
 475              		.loc 1 270 23 is_stmt 0 view .LVU101
 476 0016 4361     		str	r3, [r0, #20]
 271:Core/Src/main.c ****   hspi1.Init.BaudRatePrescaler = SPI_BAUDRATEPRESCALER_16;
 477              		.loc 1 271 3 is_stmt 1 view .LVU102
 271:Core/Src/main.c ****   hspi1.Init.BaudRatePrescaler = SPI_BAUDRATEPRESCALER_16;
 478              		.loc 1 271 18 is_stmt 0 view .LVU103
 479 0018 4FF40072 		mov	r2, #512
 480 001c 8261     		str	r2, [r0, #24]
 272:Core/Src/main.c ****   hspi1.Init.FirstBit = SPI_FIRSTBIT_MSB;
 481              		.loc 1 272 3 is_stmt 1 view .LVU104
 272:Core/Src/main.c ****   hspi1.Init.FirstBit = SPI_FIRSTBIT_MSB;
 482              		.loc 1 272 32 is_stmt 0 view .LVU105
 483 001e 1822     		movs	r2, #24
 484 0020 C261     		str	r2, [r0, #28]
 273:Core/Src/main.c ****   hspi1.Init.TIMode = SPI_TIMODE_DISABLE;
 485              		.loc 1 273 3 is_stmt 1 view .LVU106
 273:Core/Src/main.c ****   hspi1.Init.TIMode = SPI_TIMODE_DISABLE;
 486              		.loc 1 273 23 is_stmt 0 view .LVU107
 487 0022 0362     		str	r3, [r0, #32]
ARM GAS  C:\Users\jdcox\AppData\Local\Temp\cccys3mp.s 			page 21


 274:Core/Src/main.c ****   hspi1.Init.CRCCalculation = SPI_CRCCALCULATION_DISABLE;
 488              		.loc 1 274 3 is_stmt 1 view .LVU108
 274:Core/Src/main.c ****   hspi1.Init.CRCCalculation = SPI_CRCCALCULATION_DISABLE;
 489              		.loc 1 274 21 is_stmt 0 view .LVU109
 490 0024 4362     		str	r3, [r0, #36]
 275:Core/Src/main.c ****   hspi1.Init.CRCPolynomial = 10;
 491              		.loc 1 275 3 is_stmt 1 view .LVU110
 275:Core/Src/main.c ****   hspi1.Init.CRCPolynomial = 10;
 492              		.loc 1 275 29 is_stmt 0 view .LVU111
 493 0026 8362     		str	r3, [r0, #40]
 276:Core/Src/main.c ****   if (HAL_SPI_Init(&hspi1) != HAL_OK)
 494              		.loc 1 276 3 is_stmt 1 view .LVU112
 276:Core/Src/main.c ****   if (HAL_SPI_Init(&hspi1) != HAL_OK)
 495              		.loc 1 276 28 is_stmt 0 view .LVU113
 496 0028 0A23     		movs	r3, #10
 497 002a C362     		str	r3, [r0, #44]
 277:Core/Src/main.c ****   {
 498              		.loc 1 277 3 is_stmt 1 view .LVU114
 277:Core/Src/main.c ****   {
 499              		.loc 1 277 7 is_stmt 0 view .LVU115
 500 002c FFF7FEFF 		bl	HAL_SPI_Init
 501              	.LVL20:
 277:Core/Src/main.c ****   {
 502              		.loc 1 277 6 view .LVU116
 503 0030 00B9     		cbnz	r0, .L30
 285:Core/Src/main.c **** 
 504              		.loc 1 285 1 view .LVU117
 505 0032 08BD     		pop	{r3, pc}
 506              	.L30:
 279:Core/Src/main.c ****   }
 507              		.loc 1 279 5 is_stmt 1 view .LVU118
 508 0034 FFF7FEFF 		bl	Error_Handler
 509              	.LVL21:
 510              	.L32:
 511              		.align	2
 512              	.L31:
 513 0038 00000000 		.word	.LANCHOR0
 514 003c 00300140 		.word	1073819648
 515              		.cfi_endproc
 516              	.LFE138:
 518              		.section	.text.MX_I2C1_Init,"ax",%progbits
 519              		.align	1
 520              		.syntax unified
 521              		.thumb
 522              		.thumb_func
 524              	MX_I2C1_Init:
 525              	.LFB137:
 221:Core/Src/main.c **** 
 526              		.loc 1 221 1 view -0
 527              		.cfi_startproc
 528              		@ args = 0, pretend = 0, frame = 0
 529              		@ frame_needed = 0, uses_anonymous_args = 0
 530 0000 08B5     		push	{r3, lr}
 531              	.LCFI10:
 532              		.cfi_def_cfa_offset 8
 533              		.cfi_offset 3, -8
 534              		.cfi_offset 14, -4
ARM GAS  C:\Users\jdcox\AppData\Local\Temp\cccys3mp.s 			page 22


 230:Core/Src/main.c ****   hi2c1.Init.ClockSpeed = 100000;
 535              		.loc 1 230 3 view .LVU120
 230:Core/Src/main.c ****   hi2c1.Init.ClockSpeed = 100000;
 536              		.loc 1 230 18 is_stmt 0 view .LVU121
 537 0002 0B48     		ldr	r0, .L37
 538 0004 0B4B     		ldr	r3, .L37+4
 539 0006 0360     		str	r3, [r0]
 231:Core/Src/main.c ****   hi2c1.Init.DutyCycle = I2C_DUTYCYCLE_2;
 540              		.loc 1 231 3 is_stmt 1 view .LVU122
 231:Core/Src/main.c ****   hi2c1.Init.DutyCycle = I2C_DUTYCYCLE_2;
 541              		.loc 1 231 25 is_stmt 0 view .LVU123
 542 0008 0B4B     		ldr	r3, .L37+8
 543 000a 4360     		str	r3, [r0, #4]
 232:Core/Src/main.c ****   hi2c1.Init.OwnAddress1 = 78;
 544              		.loc 1 232 3 is_stmt 1 view .LVU124
 232:Core/Src/main.c ****   hi2c1.Init.OwnAddress1 = 78;
 545              		.loc 1 232 24 is_stmt 0 view .LVU125
 546 000c 0023     		movs	r3, #0
 547 000e 8360     		str	r3, [r0, #8]
 233:Core/Src/main.c ****   hi2c1.Init.AddressingMode = I2C_ADDRESSINGMODE_7BIT;
 548              		.loc 1 233 3 is_stmt 1 view .LVU126
 233:Core/Src/main.c ****   hi2c1.Init.AddressingMode = I2C_ADDRESSINGMODE_7BIT;
 549              		.loc 1 233 26 is_stmt 0 view .LVU127
 550 0010 4E22     		movs	r2, #78
 551 0012 C260     		str	r2, [r0, #12]
 234:Core/Src/main.c ****   hi2c1.Init.DualAddressMode = I2C_DUALADDRESS_DISABLE;
 552              		.loc 1 234 3 is_stmt 1 view .LVU128
 234:Core/Src/main.c ****   hi2c1.Init.DualAddressMode = I2C_DUALADDRESS_DISABLE;
 553              		.loc 1 234 29 is_stmt 0 view .LVU129
 554 0014 4FF48042 		mov	r2, #16384
 555 0018 0261     		str	r2, [r0, #16]
 235:Core/Src/main.c ****   hi2c1.Init.OwnAddress2 = 0;
 556              		.loc 1 235 3 is_stmt 1 view .LVU130
 235:Core/Src/main.c ****   hi2c1.Init.OwnAddress2 = 0;
 557              		.loc 1 235 30 is_stmt 0 view .LVU131
 558 001a 4361     		str	r3, [r0, #20]
 236:Core/Src/main.c ****   hi2c1.Init.GeneralCallMode = I2C_GENERALCALL_DISABLE;
 559              		.loc 1 236 3 is_stmt 1 view .LVU132
 236:Core/Src/main.c ****   hi2c1.Init.GeneralCallMode = I2C_GENERALCALL_DISABLE;
 560              		.loc 1 236 26 is_stmt 0 view .LVU133
 561 001c 8361     		str	r3, [r0, #24]
 237:Core/Src/main.c ****   hi2c1.Init.NoStretchMode = I2C_NOSTRETCH_DISABLE;
 562              		.loc 1 237 3 is_stmt 1 view .LVU134
 237:Core/Src/main.c ****   hi2c1.Init.NoStretchMode = I2C_NOSTRETCH_DISABLE;
 563              		.loc 1 237 30 is_stmt 0 view .LVU135
 564 001e C361     		str	r3, [r0, #28]
 238:Core/Src/main.c ****   if (HAL_I2C_Init(&hi2c1) != HAL_OK)
 565              		.loc 1 238 3 is_stmt 1 view .LVU136
 238:Core/Src/main.c ****   if (HAL_I2C_Init(&hi2c1) != HAL_OK)
 566              		.loc 1 238 28 is_stmt 0 view .LVU137
 567 0020 0362     		str	r3, [r0, #32]
 239:Core/Src/main.c ****   {
 568              		.loc 1 239 3 is_stmt 1 view .LVU138
 239:Core/Src/main.c ****   {
 569              		.loc 1 239 7 is_stmt 0 view .LVU139
 570 0022 FFF7FEFF 		bl	HAL_I2C_Init
 571              	.LVL22:
ARM GAS  C:\Users\jdcox\AppData\Local\Temp\cccys3mp.s 			page 23


 239:Core/Src/main.c ****   {
 572              		.loc 1 239 6 view .LVU140
 573 0026 00B9     		cbnz	r0, .L36
 247:Core/Src/main.c **** 
 574              		.loc 1 247 1 view .LVU141
 575 0028 08BD     		pop	{r3, pc}
 576              	.L36:
 241:Core/Src/main.c ****   }
 577              		.loc 1 241 5 is_stmt 1 view .LVU142
 578 002a FFF7FEFF 		bl	Error_Handler
 579              	.LVL23:
 580              	.L38:
 581 002e 00BF     		.align	2
 582              	.L37:
 583 0030 00000000 		.word	.LANCHOR1
 584 0034 00540040 		.word	1073763328
 585 0038 A0860100 		.word	100000
 586              		.cfi_endproc
 587              	.LFE137:
 589              		.section	.text.SystemClock_Config,"ax",%progbits
 590              		.align	1
 591              		.global	SystemClock_Config
 592              		.syntax unified
 593              		.thumb
 594              		.thumb_func
 596              	SystemClock_Config:
 597              	.LFB136:
 175:Core/Src/main.c ****   RCC_OscInitTypeDef RCC_OscInitStruct = {0};
 598              		.loc 1 175 1 view -0
 599              		.cfi_startproc
 600              		@ args = 0, pretend = 0, frame = 80
 601              		@ frame_needed = 0, uses_anonymous_args = 0
 602 0000 00B5     		push	{lr}
 603              	.LCFI11:
 604              		.cfi_def_cfa_offset 4
 605              		.cfi_offset 14, -4
 606 0002 95B0     		sub	sp, sp, #84
 607              	.LCFI12:
 608              		.cfi_def_cfa_offset 88
 176:Core/Src/main.c ****   RCC_ClkInitTypeDef RCC_ClkInitStruct = {0};
 609              		.loc 1 176 3 view .LVU144
 176:Core/Src/main.c ****   RCC_ClkInitTypeDef RCC_ClkInitStruct = {0};
 610              		.loc 1 176 22 is_stmt 0 view .LVU145
 611 0004 3022     		movs	r2, #48
 612 0006 0021     		movs	r1, #0
 613 0008 08A8     		add	r0, sp, #32
 614 000a FFF7FEFF 		bl	memset
 615              	.LVL24:
 177:Core/Src/main.c **** 
 616              		.loc 1 177 3 is_stmt 1 view .LVU146
 177:Core/Src/main.c **** 
 617              		.loc 1 177 22 is_stmt 0 view .LVU147
 618 000e 0023     		movs	r3, #0
 619 0010 0393     		str	r3, [sp, #12]
 620 0012 0493     		str	r3, [sp, #16]
 621 0014 0593     		str	r3, [sp, #20]
 622 0016 0693     		str	r3, [sp, #24]
ARM GAS  C:\Users\jdcox\AppData\Local\Temp\cccys3mp.s 			page 24


 623 0018 0793     		str	r3, [sp, #28]
 181:Core/Src/main.c ****   __HAL_PWR_VOLTAGESCALING_CONFIG(PWR_REGULATOR_VOLTAGE_SCALE2);
 624              		.loc 1 181 3 is_stmt 1 view .LVU148
 625              	.LBB10:
 181:Core/Src/main.c ****   __HAL_PWR_VOLTAGESCALING_CONFIG(PWR_REGULATOR_VOLTAGE_SCALE2);
 626              		.loc 1 181 3 view .LVU149
 627 001a 0193     		str	r3, [sp, #4]
 181:Core/Src/main.c ****   __HAL_PWR_VOLTAGESCALING_CONFIG(PWR_REGULATOR_VOLTAGE_SCALE2);
 628              		.loc 1 181 3 view .LVU150
 629 001c 214A     		ldr	r2, .L45
 630 001e 116C     		ldr	r1, [r2, #64]
 631 0020 41F08051 		orr	r1, r1, #268435456
 632 0024 1164     		str	r1, [r2, #64]
 181:Core/Src/main.c ****   __HAL_PWR_VOLTAGESCALING_CONFIG(PWR_REGULATOR_VOLTAGE_SCALE2);
 633              		.loc 1 181 3 view .LVU151
 634 0026 126C     		ldr	r2, [r2, #64]
 635 0028 02F08052 		and	r2, r2, #268435456
 636 002c 0192     		str	r2, [sp, #4]
 181:Core/Src/main.c ****   __HAL_PWR_VOLTAGESCALING_CONFIG(PWR_REGULATOR_VOLTAGE_SCALE2);
 637              		.loc 1 181 3 view .LVU152
 638 002e 019A     		ldr	r2, [sp, #4]
 639              	.LBE10:
 181:Core/Src/main.c ****   __HAL_PWR_VOLTAGESCALING_CONFIG(PWR_REGULATOR_VOLTAGE_SCALE2);
 640              		.loc 1 181 3 view .LVU153
 182:Core/Src/main.c **** 
 641              		.loc 1 182 3 view .LVU154
 642              	.LBB11:
 182:Core/Src/main.c **** 
 643              		.loc 1 182 3 view .LVU155
 644 0030 0293     		str	r3, [sp, #8]
 182:Core/Src/main.c **** 
 645              		.loc 1 182 3 view .LVU156
 646 0032 1D4A     		ldr	r2, .L45+4
 647 0034 1368     		ldr	r3, [r2]
 648 0036 23F44043 		bic	r3, r3, #49152
 649 003a 43F40043 		orr	r3, r3, #32768
 650 003e 1360     		str	r3, [r2]
 182:Core/Src/main.c **** 
 651              		.loc 1 182 3 view .LVU157
 652 0040 1368     		ldr	r3, [r2]
 653 0042 03F44043 		and	r3, r3, #49152
 654 0046 0293     		str	r3, [sp, #8]
 182:Core/Src/main.c **** 
 655              		.loc 1 182 3 view .LVU158
 656 0048 029B     		ldr	r3, [sp, #8]
 657              	.LBE11:
 182:Core/Src/main.c **** 
 658              		.loc 1 182 3 view .LVU159
 187:Core/Src/main.c ****   RCC_OscInitStruct.HSEState = RCC_HSE_ON;
 659              		.loc 1 187 3 view .LVU160
 187:Core/Src/main.c ****   RCC_OscInitStruct.HSEState = RCC_HSE_ON;
 660              		.loc 1 187 36 is_stmt 0 view .LVU161
 661 004a 0123     		movs	r3, #1
 662 004c 0893     		str	r3, [sp, #32]
 188:Core/Src/main.c ****   RCC_OscInitStruct.PLL.PLLState = RCC_PLL_ON;
 663              		.loc 1 188 3 is_stmt 1 view .LVU162
 188:Core/Src/main.c ****   RCC_OscInitStruct.PLL.PLLState = RCC_PLL_ON;
ARM GAS  C:\Users\jdcox\AppData\Local\Temp\cccys3mp.s 			page 25


 664              		.loc 1 188 30 is_stmt 0 view .LVU163
 665 004e 4FF48033 		mov	r3, #65536
 666 0052 0993     		str	r3, [sp, #36]
 189:Core/Src/main.c ****   RCC_OscInitStruct.PLL.PLLSource = RCC_PLLSOURCE_HSE;
 667              		.loc 1 189 3 is_stmt 1 view .LVU164
 189:Core/Src/main.c ****   RCC_OscInitStruct.PLL.PLLSource = RCC_PLLSOURCE_HSE;
 668              		.loc 1 189 34 is_stmt 0 view .LVU165
 669 0054 0223     		movs	r3, #2
 670 0056 0E93     		str	r3, [sp, #56]
 190:Core/Src/main.c ****   RCC_OscInitStruct.PLL.PLLM = 25;
 671              		.loc 1 190 3 is_stmt 1 view .LVU166
 190:Core/Src/main.c ****   RCC_OscInitStruct.PLL.PLLM = 25;
 672              		.loc 1 190 35 is_stmt 0 view .LVU167
 673 0058 4FF48003 		mov	r3, #4194304
 674 005c 0F93     		str	r3, [sp, #60]
 191:Core/Src/main.c ****   RCC_OscInitStruct.PLL.PLLN = 336;
 675              		.loc 1 191 3 is_stmt 1 view .LVU168
 191:Core/Src/main.c ****   RCC_OscInitStruct.PLL.PLLN = 336;
 676              		.loc 1 191 30 is_stmt 0 view .LVU169
 677 005e 1923     		movs	r3, #25
 678 0060 1093     		str	r3, [sp, #64]
 192:Core/Src/main.c ****   RCC_OscInitStruct.PLL.PLLP = RCC_PLLP_DIV4;
 679              		.loc 1 192 3 is_stmt 1 view .LVU170
 192:Core/Src/main.c ****   RCC_OscInitStruct.PLL.PLLP = RCC_PLLP_DIV4;
 680              		.loc 1 192 30 is_stmt 0 view .LVU171
 681 0062 4FF4A873 		mov	r3, #336
 682 0066 1193     		str	r3, [sp, #68]
 193:Core/Src/main.c ****   RCC_OscInitStruct.PLL.PLLQ = 7;
 683              		.loc 1 193 3 is_stmt 1 view .LVU172
 193:Core/Src/main.c ****   RCC_OscInitStruct.PLL.PLLQ = 7;
 684              		.loc 1 193 30 is_stmt 0 view .LVU173
 685 0068 0423     		movs	r3, #4
 686 006a 1293     		str	r3, [sp, #72]
 194:Core/Src/main.c ****   if (HAL_RCC_OscConfig(&RCC_OscInitStruct) != HAL_OK)
 687              		.loc 1 194 3 is_stmt 1 view .LVU174
 194:Core/Src/main.c ****   if (HAL_RCC_OscConfig(&RCC_OscInitStruct) != HAL_OK)
 688              		.loc 1 194 30 is_stmt 0 view .LVU175
 689 006c 0723     		movs	r3, #7
 690 006e 1393     		str	r3, [sp, #76]
 195:Core/Src/main.c ****   {
 691              		.loc 1 195 3 is_stmt 1 view .LVU176
 195:Core/Src/main.c ****   {
 692              		.loc 1 195 7 is_stmt 0 view .LVU177
 693 0070 08A8     		add	r0, sp, #32
 694 0072 FFF7FEFF 		bl	HAL_RCC_OscConfig
 695              	.LVL25:
 195:Core/Src/main.c ****   {
 696              		.loc 1 195 6 view .LVU178
 697 0076 80B9     		cbnz	r0, .L43
 202:Core/Src/main.c ****                               |RCC_CLOCKTYPE_PCLK1|RCC_CLOCKTYPE_PCLK2;
 698              		.loc 1 202 3 is_stmt 1 view .LVU179
 202:Core/Src/main.c ****                               |RCC_CLOCKTYPE_PCLK1|RCC_CLOCKTYPE_PCLK2;
 699              		.loc 1 202 31 is_stmt 0 view .LVU180
 700 0078 0F23     		movs	r3, #15
 701 007a 0393     		str	r3, [sp, #12]
 204:Core/Src/main.c ****   RCC_ClkInitStruct.AHBCLKDivider = RCC_SYSCLK_DIV1;
 702              		.loc 1 204 3 is_stmt 1 view .LVU181
ARM GAS  C:\Users\jdcox\AppData\Local\Temp\cccys3mp.s 			page 26


 204:Core/Src/main.c ****   RCC_ClkInitStruct.AHBCLKDivider = RCC_SYSCLK_DIV1;
 703              		.loc 1 204 34 is_stmt 0 view .LVU182
 704 007c 0221     		movs	r1, #2
 705 007e 0491     		str	r1, [sp, #16]
 205:Core/Src/main.c ****   RCC_ClkInitStruct.APB1CLKDivider = RCC_HCLK_DIV2;
 706              		.loc 1 205 3 is_stmt 1 view .LVU183
 205:Core/Src/main.c ****   RCC_ClkInitStruct.APB1CLKDivider = RCC_HCLK_DIV2;
 707              		.loc 1 205 35 is_stmt 0 view .LVU184
 708 0080 0023     		movs	r3, #0
 709 0082 0593     		str	r3, [sp, #20]
 206:Core/Src/main.c ****   RCC_ClkInitStruct.APB2CLKDivider = RCC_HCLK_DIV1;
 710              		.loc 1 206 3 is_stmt 1 view .LVU185
 206:Core/Src/main.c ****   RCC_ClkInitStruct.APB2CLKDivider = RCC_HCLK_DIV1;
 711              		.loc 1 206 36 is_stmt 0 view .LVU186
 712 0084 4FF48052 		mov	r2, #4096
 713 0088 0692     		str	r2, [sp, #24]
 207:Core/Src/main.c **** 
 714              		.loc 1 207 3 is_stmt 1 view .LVU187
 207:Core/Src/main.c **** 
 715              		.loc 1 207 36 is_stmt 0 view .LVU188
 716 008a 0793     		str	r3, [sp, #28]
 209:Core/Src/main.c ****   {
 717              		.loc 1 209 3 is_stmt 1 view .LVU189
 209:Core/Src/main.c ****   {
 718              		.loc 1 209 7 is_stmt 0 view .LVU190
 719 008c 03A8     		add	r0, sp, #12
 720 008e FFF7FEFF 		bl	HAL_RCC_ClockConfig
 721              	.LVL26:
 209:Core/Src/main.c ****   {
 722              		.loc 1 209 6 view .LVU191
 723 0092 20B9     		cbnz	r0, .L44
 213:Core/Src/main.c **** 
 724              		.loc 1 213 1 view .LVU192
 725 0094 15B0     		add	sp, sp, #84
 726              	.LCFI13:
 727              		.cfi_remember_state
 728              		.cfi_def_cfa_offset 4
 729              		@ sp needed
 730 0096 5DF804FB 		ldr	pc, [sp], #4
 731              	.L43:
 732              	.LCFI14:
 733              		.cfi_restore_state
 197:Core/Src/main.c ****   }
 734              		.loc 1 197 5 is_stmt 1 view .LVU193
 735 009a FFF7FEFF 		bl	Error_Handler
 736              	.LVL27:
 737              	.L44:
 211:Core/Src/main.c ****   }
 738              		.loc 1 211 5 view .LVU194
 739 009e FFF7FEFF 		bl	Error_Handler
 740              	.LVL28:
 741              	.L46:
 742 00a2 00BF     		.align	2
 743              	.L45:
 744 00a4 00380240 		.word	1073887232
 745 00a8 00700040 		.word	1073770496
 746              		.cfi_endproc
ARM GAS  C:\Users\jdcox\AppData\Local\Temp\cccys3mp.s 			page 27


 747              	.LFE136:
 749              		.section	.text.main,"ax",%progbits
 750              		.align	1
 751              		.global	main
 752              		.syntax unified
 753              		.thumb
 754              		.thumb_func
 756              	main:
 757              	.LFB135:
  82:Core/Src/main.c ****   /* USER CODE BEGIN 1 */
 758              		.loc 1 82 1 view -0
 759              		.cfi_startproc
 760              		@ Volatile: function does not return.
 761              		@ args = 0, pretend = 0, frame = 80
 762              		@ frame_needed = 0, uses_anonymous_args = 0
 763 0000 00B5     		push	{lr}
 764              	.LCFI15:
 765              		.cfi_def_cfa_offset 4
 766              		.cfi_offset 14, -4
 767 0002 95B0     		sub	sp, sp, #84
 768              	.LCFI16:
 769              		.cfi_def_cfa_offset 88
  90:Core/Src/main.c **** 
 770              		.loc 1 90 3 view .LVU196
 771 0004 FFF7FEFF 		bl	HAL_Init
 772              	.LVL29:
  97:Core/Src/main.c **** 
 773              		.loc 1 97 3 view .LVU197
 774 0008 FFF7FEFF 		bl	SystemClock_Config
 775              	.LVL30:
 104:Core/Src/main.c ****   MX_DMA_Init();
 776              		.loc 1 104 3 view .LVU198
 777 000c FFF7FEFF 		bl	MX_GPIO_Init
 778              	.LVL31:
 105:Core/Src/main.c ****   MX_SPI1_Init();
 779              		.loc 1 105 3 view .LVU199
 780 0010 FFF7FEFF 		bl	MX_DMA_Init
 781              	.LVL32:
 106:Core/Src/main.c ****   MX_I2C1_Init();
 782              		.loc 1 106 3 view .LVU200
 783 0014 FFF7FEFF 		bl	MX_SPI1_Init
 784              	.LVL33:
 107:Core/Src/main.c ****   /* USER CODE BEGIN 2 */
 785              		.loc 1 107 3 view .LVU201
 786 0018 FFF7FEFF 		bl	MX_I2C1_Init
 787              	.LVL34:
 114:Core/Src/main.c ****   lora_mutexHandle = osMutexCreate(osMutex(lora_mutex));
 788              		.loc 1 114 3 view .LVU202
 789 001c 0025     		movs	r5, #0
 790 001e 1295     		str	r5, [sp, #72]
 791 0020 1395     		str	r5, [sp, #76]
 115:Core/Src/main.c **** 
 792              		.loc 1 115 3 view .LVU203
 115:Core/Src/main.c **** 
 793              		.loc 1 115 22 is_stmt 0 view .LVU204
 794 0022 12A8     		add	r0, sp, #72
 795 0024 FFF7FEFF 		bl	osMutexCreate
ARM GAS  C:\Users\jdcox\AppData\Local\Temp\cccys3mp.s 			page 28


 796              	.LVL35:
 115:Core/Src/main.c **** 
 797              		.loc 1 115 20 view .LVU205
 798 0028 1D4B     		ldr	r3, .L50
 799 002a 1860     		str	r0, [r3]
 127:Core/Src/main.c ****   msTickHandle = osTimerCreate(osTimer(msTick), osTimerPeriodic, NULL);
 800              		.loc 1 127 3 is_stmt 1 view .LVU206
 801 002c 1D4B     		ldr	r3, .L50+4
 802 002e 1093     		str	r3, [sp, #64]
 803 0030 1195     		str	r5, [sp, #68]
 128:Core/Src/main.c **** 
 804              		.loc 1 128 3 view .LVU207
 128:Core/Src/main.c **** 
 805              		.loc 1 128 18 is_stmt 0 view .LVU208
 806 0032 2A46     		mov	r2, r5
 807 0034 0121     		movs	r1, #1
 808 0036 10A8     		add	r0, sp, #64
 809 0038 FFF7FEFF 		bl	osTimerCreate
 810              	.LVL36:
 128:Core/Src/main.c **** 
 811              		.loc 1 128 16 view .LVU209
 812 003c 1A4B     		ldr	r3, .L50+8
 813 003e 1860     		str	r0, [r3]
 131:Core/Src/main.c ****   loraRXtimerHandle = osTimerCreate(osTimer(loraRXtimer), osTimerPeriodic, NULL);
 814              		.loc 1 131 3 is_stmt 1 view .LVU210
 815 0040 1A4B     		ldr	r3, .L50+12
 816 0042 0E93     		str	r3, [sp, #56]
 817 0044 0F95     		str	r5, [sp, #60]
 132:Core/Src/main.c **** 
 818              		.loc 1 132 3 view .LVU211
 132:Core/Src/main.c **** 
 819              		.loc 1 132 23 is_stmt 0 view .LVU212
 820 0046 2A46     		mov	r2, r5
 821 0048 0121     		movs	r1, #1
 822 004a 0EA8     		add	r0, sp, #56
 823 004c FFF7FEFF 		bl	osTimerCreate
 824              	.LVL37:
 132:Core/Src/main.c **** 
 825              		.loc 1 132 21 view .LVU213
 826 0050 174B     		ldr	r3, .L50+16
 827 0052 1860     		str	r0, [r3]
 144:Core/Src/main.c ****   defaultTaskHandle = osThreadCreate(osThread(defaultTask), NULL);
 828              		.loc 1 144 3 is_stmt 1 view .LVU214
 829 0054 174C     		ldr	r4, .L50+20
 830 0056 0DF11C0C 		add	ip, sp, #28
 831 005a A646     		mov	lr, r4
 832 005c BEE80F00 		ldmia	lr!, {r0, r1, r2, r3}
 833 0060 ACE80F00 		stmia	ip!, {r0, r1, r2, r3}
 834 0064 9EE80700 		ldm	lr, {r0, r1, r2}
 835 0068 8CE80700 		stm	ip, {r0, r1, r2}
 145:Core/Src/main.c **** 
 836              		.loc 1 145 3 view .LVU215
 145:Core/Src/main.c **** 
 837              		.loc 1 145 23 is_stmt 0 view .LVU216
 838 006c 2946     		mov	r1, r5
 839 006e 07A8     		add	r0, sp, #28
 840 0070 FFF7FEFF 		bl	osThreadCreate
ARM GAS  C:\Users\jdcox\AppData\Local\Temp\cccys3mp.s 			page 29


 841              	.LVL38:
 145:Core/Src/main.c **** 
 842              		.loc 1 145 21 view .LVU217
 843 0074 104B     		ldr	r3, .L50+24
 844 0076 1860     		str	r0, [r3]
 148:Core/Src/main.c ****   loraRXTaskHandle = osThreadCreate(osThread(loraRXTask), NULL);
 845              		.loc 1 148 3 is_stmt 1 view .LVU218
 846 0078 EE46     		mov	lr, sp
 847 007a 04F11C0C 		add	ip, r4, #28
 848 007e BCE80F00 		ldmia	ip!, {r0, r1, r2, r3}
 849 0082 AEE80F00 		stmia	lr!, {r0, r1, r2, r3}
 850 0086 9CE80700 		ldm	ip, {r0, r1, r2}
 851 008a 8EE80700 		stm	lr, {r0, r1, r2}
 149:Core/Src/main.c **** 
 852              		.loc 1 149 3 view .LVU219
 149:Core/Src/main.c **** 
 853              		.loc 1 149 22 is_stmt 0 view .LVU220
 854 008e 2946     		mov	r1, r5
 855 0090 6846     		mov	r0, sp
 856 0092 FFF7FEFF 		bl	osThreadCreate
 857              	.LVL39:
 149:Core/Src/main.c **** 
 858              		.loc 1 149 20 view .LVU221
 859 0096 094B     		ldr	r3, .L50+28
 860 0098 1860     		str	r0, [r3]
 156:Core/Src/main.c **** 
 861              		.loc 1 156 3 is_stmt 1 view .LVU222
 862 009a FFF7FEFF 		bl	osKernelStart
 863              	.LVL40:
 864              	.L48:
 161:Core/Src/main.c ****   {
 865              		.loc 1 161 3 discriminator 1 view .LVU223
 166:Core/Src/main.c ****   /* USER CODE END 3 */
 866              		.loc 1 166 3 discriminator 1 view .LVU224
 161:Core/Src/main.c ****   {
 867              		.loc 1 161 9 discriminator 1 view .LVU225
 868 009e FEE7     		b	.L48
 869              	.L51:
 870              		.align	2
 871              	.L50:
 872 00a0 00000000 		.word	.LANCHOR2
 873 00a4 00000000 		.word	msTickCallback
 874 00a8 00000000 		.word	.LANCHOR3
 875 00ac 00000000 		.word	loraRXtimerCallback
 876 00b0 00000000 		.word	.LANCHOR4
 877 00b4 00000000 		.word	.LANCHOR5
 878 00b8 00000000 		.word	.LANCHOR6
 879 00bc 00000000 		.word	.LANCHOR7
 880              		.cfi_endproc
 881              	.LFE135:
 883              		.section	.rodata.str1.4,"aMS",%progbits,1
 884              		.align	2
 885              	.LC2:
 886 0000 6C6F7261 		.ascii	"loraRXTask\000"
 886      52585461 
 886      736B00
 887 000b 00       		.align	2
ARM GAS  C:\Users\jdcox\AppData\Local\Temp\cccys3mp.s 			page 30


 888              	.LC0:
 889 000c 64656661 		.ascii	"defaultTask\000"
 889      756C7454 
 889      61736B00 
 890              		.global	lora_mutexHandle
 891              		.global	loraRXtimerHandle
 892              		.global	msTickHandle
 893              		.global	loraRXTaskHandle
 894              		.global	defaultTaskHandle
 895              		.global	hspi1
 896              		.global	hdma_i2c1_tx
 897              		.global	hi2c1
 898              		.section	.rodata
 899              		.align	2
 900              		.set	.LANCHOR5,. + 0
 901              	.LC4:
 902 0000 0C000000 		.word	.LC0
 903 0004 00000000 		.word	StartDefaultTask
 904 0008 0000     		.short	0
 905 000a 0000     		.space	2
 906 000c 00000000 		.word	0
 907 0010 80000000 		.word	128
 908 0014 00000000 		.word	0
 909 0018 00000000 		.word	0
 910              	.LC5:
 911 001c 00000000 		.word	.LC2
 912 0020 00000000 		.word	StartTask02
 913 0024 0000     		.short	0
 914 0026 0000     		.space	2
 915 0028 00000000 		.word	0
 916 002c 80000000 		.word	128
 917 0030 00000000 		.word	0
 918 0034 00000000 		.word	0
 919              		.section	.bss.defaultTaskHandle,"aw",%nobits
 920              		.align	2
 921              		.set	.LANCHOR6,. + 0
 924              	defaultTaskHandle:
 925 0000 00000000 		.space	4
 926              		.section	.bss.hdma_i2c1_tx,"aw",%nobits
 927              		.align	2
 930              	hdma_i2c1_tx:
 931 0000 00000000 		.space	96
 931      00000000 
 931      00000000 
 931      00000000 
 931      00000000 
 932              		.section	.bss.hi2c1,"aw",%nobits
 933              		.align	2
 934              		.set	.LANCHOR1,. + 0
 937              	hi2c1:
 938 0000 00000000 		.space	84
 938      00000000 
 938      00000000 
 938      00000000 
 938      00000000 
 939              		.section	.bss.hspi1,"aw",%nobits
 940              		.align	2
ARM GAS  C:\Users\jdcox\AppData\Local\Temp\cccys3mp.s 			page 31


 941              		.set	.LANCHOR0,. + 0
 944              	hspi1:
 945 0000 00000000 		.space	88
 945      00000000 
 945      00000000 
 945      00000000 
 945      00000000 
 946              		.section	.bss.loraRXTaskHandle,"aw",%nobits
 947              		.align	2
 948              		.set	.LANCHOR7,. + 0
 951              	loraRXTaskHandle:
 952 0000 00000000 		.space	4
 953              		.section	.bss.loraRXtimerHandle,"aw",%nobits
 954              		.align	2
 955              		.set	.LANCHOR4,. + 0
 958              	loraRXtimerHandle:
 959 0000 00000000 		.space	4
 960              		.section	.bss.lora_mutexHandle,"aw",%nobits
 961              		.align	2
 962              		.set	.LANCHOR2,. + 0
 965              	lora_mutexHandle:
 966 0000 00000000 		.space	4
 967              		.section	.bss.msTickHandle,"aw",%nobits
 968              		.align	2
 969              		.set	.LANCHOR3,. + 0
 972              	msTickHandle:
 973 0000 00000000 		.space	4
 974              		.text
 975              	.Letext0:
 976              		.file 3 "Drivers/CMSIS/Device/ST/STM32F4xx/Include/stm32f401xc.h"
 977              		.file 4 "c:\\libraries\\gcc\\11.2 2022.02\\arm-none-eabi\\include\\machine\\_default_types.h"
 978              		.file 5 "c:\\libraries\\gcc\\11.2 2022.02\\arm-none-eabi\\include\\sys\\_stdint.h"
 979              		.file 6 "Drivers/STM32F4xx_HAL_Driver/Inc/stm32f4xx_hal_def.h"
 980              		.file 7 "Drivers/STM32F4xx_HAL_Driver/Inc/stm32f4xx_hal_rcc_ex.h"
 981              		.file 8 "Drivers/STM32F4xx_HAL_Driver/Inc/stm32f4xx_hal_rcc.h"
 982              		.file 9 "Drivers/STM32F4xx_HAL_Driver/Inc/stm32f4xx_hal_gpio.h"
 983              		.file 10 "Drivers/STM32F4xx_HAL_Driver/Inc/stm32f4xx_hal_dma.h"
 984              		.file 11 "Drivers/STM32F4xx_HAL_Driver/Inc/stm32f4xx_hal_i2c.h"
 985              		.file 12 "Drivers/STM32F4xx_HAL_Driver/Inc/stm32f4xx_hal_spi.h"
 986              		.file 13 "Drivers/STM32F4xx_HAL_Driver/Inc/stm32f4xx_hal_tim.h"
 987              		.file 14 "Middlewares/Third_Party/FreeRTOS/Source/include/projdefs.h"
 988              		.file 15 "Middlewares/Third_Party/FreeRTOS/Source/portable/GCC/ARM_CM4F/portmacro.h"
 989              		.file 16 "Middlewares/Third_Party/FreeRTOS/Source/include/FreeRTOS.h"
 990              		.file 17 "Middlewares/Third_Party/FreeRTOS/Source/include/task.h"
 991              		.file 18 "Middlewares/Third_Party/FreeRTOS/Source/include/timers.h"
 992              		.file 19 "Middlewares/Third_Party/FreeRTOS/Source/include/queue.h"
 993              		.file 20 "Middlewares/Third_Party/FreeRTOS/Source/include/semphr.h"
 994              		.file 21 "Middlewares/Third_Party/FreeRTOS/Source/CMSIS_RTOS/cmsis_os.h"
 995              		.file 22 "Drivers/STM32F4xx_HAL_Driver/Inc/stm32f4xx_hal_cortex.h"
 996              		.file 23 "Drivers/STM32F4xx_HAL_Driver/Inc/stm32f4xx_hal.h"
 997              		.file 24 "<built-in>"
ARM GAS  C:\Users\jdcox\AppData\Local\Temp\cccys3mp.s 			page 32


DEFINED SYMBOLS
                            *ABS*:00000000 main.c
C:\Users\jdcox\AppData\Local\Temp\cccys3mp.s:20     .text.msTickCallback:00000000 $t
C:\Users\jdcox\AppData\Local\Temp\cccys3mp.s:26     .text.msTickCallback:00000000 msTickCallback
C:\Users\jdcox\AppData\Local\Temp\cccys3mp.s:41     .text.loraRXtimerCallback:00000000 $t
C:\Users\jdcox\AppData\Local\Temp\cccys3mp.s:47     .text.loraRXtimerCallback:00000000 loraRXtimerCallback
C:\Users\jdcox\AppData\Local\Temp\cccys3mp.s:61     .text.MX_GPIO_Init:00000000 $t
C:\Users\jdcox\AppData\Local\Temp\cccys3mp.s:66     .text.MX_GPIO_Init:00000000 MX_GPIO_Init
C:\Users\jdcox\AppData\Local\Temp\cccys3mp.s:215    .text.MX_GPIO_Init:000000a8 $d
C:\Users\jdcox\AppData\Local\Temp\cccys3mp.s:222    .text.MX_DMA_Init:00000000 $t
C:\Users\jdcox\AppData\Local\Temp\cccys3mp.s:227    .text.MX_DMA_Init:00000000 MX_DMA_Init
C:\Users\jdcox\AppData\Local\Temp\cccys3mp.s:276    .text.MX_DMA_Init:00000030 $d
C:\Users\jdcox\AppData\Local\Temp\cccys3mp.s:281    .text.StartDefaultTask:00000000 $t
C:\Users\jdcox\AppData\Local\Temp\cccys3mp.s:287    .text.StartDefaultTask:00000000 StartDefaultTask
C:\Users\jdcox\AppData\Local\Temp\cccys3mp.s:318    .text.StartDefaultTask:00000014 $d
C:\Users\jdcox\AppData\Local\Temp\cccys3mp.s:323    .text.StartTask02:00000000 $t
C:\Users\jdcox\AppData\Local\Temp\cccys3mp.s:329    .text.StartTask02:00000000 StartTask02
C:\Users\jdcox\AppData\Local\Temp\cccys3mp.s:356    .text.HAL_TIM_PeriodElapsedCallback:00000000 $t
C:\Users\jdcox\AppData\Local\Temp\cccys3mp.s:362    .text.HAL_TIM_PeriodElapsedCallback:00000000 HAL_TIM_PeriodElapsedCallback
C:\Users\jdcox\AppData\Local\Temp\cccys3mp.s:396    .text.HAL_TIM_PeriodElapsedCallback:00000014 $d
C:\Users\jdcox\AppData\Local\Temp\cccys3mp.s:401    .text.Error_Handler:00000000 $t
C:\Users\jdcox\AppData\Local\Temp\cccys3mp.s:407    .text.Error_Handler:00000000 Error_Handler
C:\Users\jdcox\AppData\Local\Temp\cccys3mp.s:439    .text.MX_SPI1_Init:00000000 $t
C:\Users\jdcox\AppData\Local\Temp\cccys3mp.s:444    .text.MX_SPI1_Init:00000000 MX_SPI1_Init
C:\Users\jdcox\AppData\Local\Temp\cccys3mp.s:513    .text.MX_SPI1_Init:00000038 $d
C:\Users\jdcox\AppData\Local\Temp\cccys3mp.s:519    .text.MX_I2C1_Init:00000000 $t
C:\Users\jdcox\AppData\Local\Temp\cccys3mp.s:524    .text.MX_I2C1_Init:00000000 MX_I2C1_Init
C:\Users\jdcox\AppData\Local\Temp\cccys3mp.s:583    .text.MX_I2C1_Init:00000030 $d
C:\Users\jdcox\AppData\Local\Temp\cccys3mp.s:590    .text.SystemClock_Config:00000000 $t
C:\Users\jdcox\AppData\Local\Temp\cccys3mp.s:596    .text.SystemClock_Config:00000000 SystemClock_Config
C:\Users\jdcox\AppData\Local\Temp\cccys3mp.s:744    .text.SystemClock_Config:000000a4 $d
C:\Users\jdcox\AppData\Local\Temp\cccys3mp.s:750    .text.main:00000000 $t
C:\Users\jdcox\AppData\Local\Temp\cccys3mp.s:756    .text.main:00000000 main
C:\Users\jdcox\AppData\Local\Temp\cccys3mp.s:872    .text.main:000000a0 $d
C:\Users\jdcox\AppData\Local\Temp\cccys3mp.s:884    .rodata.str1.4:00000000 $d
C:\Users\jdcox\AppData\Local\Temp\cccys3mp.s:965    .bss.lora_mutexHandle:00000000 lora_mutexHandle
C:\Users\jdcox\AppData\Local\Temp\cccys3mp.s:958    .bss.loraRXtimerHandle:00000000 loraRXtimerHandle
C:\Users\jdcox\AppData\Local\Temp\cccys3mp.s:972    .bss.msTickHandle:00000000 msTickHandle
C:\Users\jdcox\AppData\Local\Temp\cccys3mp.s:951    .bss.loraRXTaskHandle:00000000 loraRXTaskHandle
C:\Users\jdcox\AppData\Local\Temp\cccys3mp.s:924    .bss.defaultTaskHandle:00000000 defaultTaskHandle
C:\Users\jdcox\AppData\Local\Temp\cccys3mp.s:944    .bss.hspi1:00000000 hspi1
C:\Users\jdcox\AppData\Local\Temp\cccys3mp.s:930    .bss.hdma_i2c1_tx:00000000 hdma_i2c1_tx
C:\Users\jdcox\AppData\Local\Temp\cccys3mp.s:937    .bss.hi2c1:00000000 hi2c1
C:\Users\jdcox\AppData\Local\Temp\cccys3mp.s:899    .rodata:00000000 $d
C:\Users\jdcox\AppData\Local\Temp\cccys3mp.s:920    .bss.defaultTaskHandle:00000000 $d
C:\Users\jdcox\AppData\Local\Temp\cccys3mp.s:927    .bss.hdma_i2c1_tx:00000000 $d
C:\Users\jdcox\AppData\Local\Temp\cccys3mp.s:933    .bss.hi2c1:00000000 $d
C:\Users\jdcox\AppData\Local\Temp\cccys3mp.s:940    .bss.hspi1:00000000 $d
C:\Users\jdcox\AppData\Local\Temp\cccys3mp.s:947    .bss.loraRXTaskHandle:00000000 $d
C:\Users\jdcox\AppData\Local\Temp\cccys3mp.s:954    .bss.loraRXtimerHandle:00000000 $d
C:\Users\jdcox\AppData\Local\Temp\cccys3mp.s:961    .bss.lora_mutexHandle:00000000 $d
C:\Users\jdcox\AppData\Local\Temp\cccys3mp.s:968    .bss.msTickHandle:00000000 $d

UNDEFINED SYMBOLS
HAL_GPIO_WritePin
HAL_GPIO_Init
HAL_NVIC_SetPriority
ARM GAS  C:\Users\jdcox\AppData\Local\Temp\cccys3mp.s 			page 33


HAL_NVIC_EnableIRQ
HAL_GPIO_TogglePin
osDelay
HAL_IncTick
HAL_SPI_Init
HAL_I2C_Init
memset
HAL_RCC_OscConfig
HAL_RCC_ClockConfig
HAL_Init
osMutexCreate
osTimerCreate
osThreadCreate
osKernelStart
