ARM GAS  C:\Users\jdcox\AppData\Local\Temp\cc3sfkqM.s 			page 1


   1              		.cpu cortex-m4
   2              		.arch armv7e-m
   3              		.fpu fpv4-sp-d16
   4              		.eabi_attribute 27, 1
   5              		.eabi_attribute 28, 1
   6              		.eabi_attribute 20, 1
   7              		.eabi_attribute 21, 1
   8              		.eabi_attribute 23, 3
   9              		.eabi_attribute 24, 1
  10              		.eabi_attribute 25, 1
  11              		.eabi_attribute 26, 1
  12              		.eabi_attribute 30, 1
  13              		.eabi_attribute 34, 1
  14              		.eabi_attribute 18, 4
  15              		.file	"stm32f4xx_it.c"
  16              		.text
  17              	.Ltext0:
  18              		.cfi_sections	.debug_frame
  19              		.section	.text.NMI_Handler,"ax",%progbits
  20              		.align	1
  21              		.global	NMI_Handler
  22              		.syntax unified
  23              		.thumb
  24              		.thumb_func
  26              	NMI_Handler:
  27              	.LFB135:
  28              		.file 1 "Core/Src/stm32f4xx_it.c"
   1:Core/Src/stm32f4xx_it.c **** /* USER CODE BEGIN Header */
   2:Core/Src/stm32f4xx_it.c **** /**
   3:Core/Src/stm32f4xx_it.c ****   ******************************************************************************
   4:Core/Src/stm32f4xx_it.c ****   * @file    stm32f4xx_it.c
   5:Core/Src/stm32f4xx_it.c ****   * @brief   Interrupt Service Routines.
   6:Core/Src/stm32f4xx_it.c ****   ******************************************************************************
   7:Core/Src/stm32f4xx_it.c ****   * @attention
   8:Core/Src/stm32f4xx_it.c ****   *
   9:Core/Src/stm32f4xx_it.c ****   * Copyright (c) 2024 STMicroelectronics.
  10:Core/Src/stm32f4xx_it.c ****   * All rights reserved.
  11:Core/Src/stm32f4xx_it.c ****   *
  12:Core/Src/stm32f4xx_it.c ****   * This software is licensed under terms that can be found in the LICENSE file
  13:Core/Src/stm32f4xx_it.c ****   * in the root directory of this software component.
  14:Core/Src/stm32f4xx_it.c ****   * If no LICENSE file comes with this software, it is provided AS-IS.
  15:Core/Src/stm32f4xx_it.c ****   *
  16:Core/Src/stm32f4xx_it.c ****   ******************************************************************************
  17:Core/Src/stm32f4xx_it.c ****   */
  18:Core/Src/stm32f4xx_it.c **** /* USER CODE END Header */
  19:Core/Src/stm32f4xx_it.c **** 
  20:Core/Src/stm32f4xx_it.c **** /* Includes ------------------------------------------------------------------*/
  21:Core/Src/stm32f4xx_it.c **** #include "main.h"
  22:Core/Src/stm32f4xx_it.c **** #include "stm32f4xx_it.h"
  23:Core/Src/stm32f4xx_it.c **** /* Private includes ----------------------------------------------------------*/
  24:Core/Src/stm32f4xx_it.c **** /* USER CODE BEGIN Includes */
  25:Core/Src/stm32f4xx_it.c **** #include "extern.h"
  26:Core/Src/stm32f4xx_it.c **** /* USER CODE END Includes */
  27:Core/Src/stm32f4xx_it.c **** 
  28:Core/Src/stm32f4xx_it.c **** /* Private typedef -----------------------------------------------------------*/
  29:Core/Src/stm32f4xx_it.c **** /* USER CODE BEGIN TD */
  30:Core/Src/stm32f4xx_it.c **** 
ARM GAS  C:\Users\jdcox\AppData\Local\Temp\cc3sfkqM.s 			page 2


  31:Core/Src/stm32f4xx_it.c **** /* USER CODE END TD */
  32:Core/Src/stm32f4xx_it.c **** 
  33:Core/Src/stm32f4xx_it.c **** /* Private define ------------------------------------------------------------*/
  34:Core/Src/stm32f4xx_it.c **** /* USER CODE BEGIN PD */
  35:Core/Src/stm32f4xx_it.c **** 
  36:Core/Src/stm32f4xx_it.c **** /* USER CODE END PD */
  37:Core/Src/stm32f4xx_it.c **** 
  38:Core/Src/stm32f4xx_it.c **** /* Private macro -------------------------------------------------------------*/
  39:Core/Src/stm32f4xx_it.c **** /* USER CODE BEGIN PM */
  40:Core/Src/stm32f4xx_it.c **** 
  41:Core/Src/stm32f4xx_it.c **** /* USER CODE END PM */
  42:Core/Src/stm32f4xx_it.c **** 
  43:Core/Src/stm32f4xx_it.c **** /* Private variables ---------------------------------------------------------*/
  44:Core/Src/stm32f4xx_it.c **** /* USER CODE BEGIN PV */
  45:Core/Src/stm32f4xx_it.c **** 
  46:Core/Src/stm32f4xx_it.c **** /* USER CODE END PV */
  47:Core/Src/stm32f4xx_it.c **** 
  48:Core/Src/stm32f4xx_it.c **** /* Private function prototypes -----------------------------------------------*/
  49:Core/Src/stm32f4xx_it.c **** /* USER CODE BEGIN PFP */
  50:Core/Src/stm32f4xx_it.c **** 
  51:Core/Src/stm32f4xx_it.c **** /* USER CODE END PFP */
  52:Core/Src/stm32f4xx_it.c **** 
  53:Core/Src/stm32f4xx_it.c **** /* Private user code ---------------------------------------------------------*/
  54:Core/Src/stm32f4xx_it.c **** /* USER CODE BEGIN 0 */
  55:Core/Src/stm32f4xx_it.c **** 
  56:Core/Src/stm32f4xx_it.c **** /* USER CODE END 0 */
  57:Core/Src/stm32f4xx_it.c **** 
  58:Core/Src/stm32f4xx_it.c **** /* External variables --------------------------------------------------------*/
  59:Core/Src/stm32f4xx_it.c **** extern DMA_HandleTypeDef hdma_i2c1_tx;
  60:Core/Src/stm32f4xx_it.c **** extern I2C_HandleTypeDef hi2c1;
  61:Core/Src/stm32f4xx_it.c **** extern TIM_HandleTypeDef htim1;
  62:Core/Src/stm32f4xx_it.c **** 
  63:Core/Src/stm32f4xx_it.c **** /* USER CODE BEGIN EV */
  64:Core/Src/stm32f4xx_it.c **** 
  65:Core/Src/stm32f4xx_it.c **** /* USER CODE END EV */
  66:Core/Src/stm32f4xx_it.c **** 
  67:Core/Src/stm32f4xx_it.c **** /******************************************************************************/
  68:Core/Src/stm32f4xx_it.c **** /*           Cortex-M4 Processor Interruption and Exception Handlers          */
  69:Core/Src/stm32f4xx_it.c **** /******************************************************************************/
  70:Core/Src/stm32f4xx_it.c **** /**
  71:Core/Src/stm32f4xx_it.c ****   * @brief This function handles Non maskable interrupt.
  72:Core/Src/stm32f4xx_it.c ****   */
  73:Core/Src/stm32f4xx_it.c **** void NMI_Handler(void)
  74:Core/Src/stm32f4xx_it.c **** {
  29              		.loc 1 74 1 view -0
  30              		.cfi_startproc
  31              		@ Volatile: function does not return.
  32              		@ args = 0, pretend = 0, frame = 0
  33              		@ frame_needed = 0, uses_anonymous_args = 0
  34              		@ link register save eliminated.
  35              	.L2:
  75:Core/Src/stm32f4xx_it.c ****   /* USER CODE BEGIN NonMaskableInt_IRQn 0 */
  76:Core/Src/stm32f4xx_it.c **** 
  77:Core/Src/stm32f4xx_it.c ****   /* USER CODE END NonMaskableInt_IRQn 0 */
  78:Core/Src/stm32f4xx_it.c ****   /* USER CODE BEGIN NonMaskableInt_IRQn 1 */
  79:Core/Src/stm32f4xx_it.c ****   while (1)
  36              		.loc 1 79 3 discriminator 1 view .LVU1
ARM GAS  C:\Users\jdcox\AppData\Local\Temp\cc3sfkqM.s 			page 3


  80:Core/Src/stm32f4xx_it.c ****   {
  81:Core/Src/stm32f4xx_it.c ****   }
  37              		.loc 1 81 3 discriminator 1 view .LVU2
  79:Core/Src/stm32f4xx_it.c ****   {
  38              		.loc 1 79 9 discriminator 1 view .LVU3
  39 0000 FEE7     		b	.L2
  40              		.cfi_endproc
  41              	.LFE135:
  43              		.section	.text.HardFault_Handler,"ax",%progbits
  44              		.align	1
  45              		.global	HardFault_Handler
  46              		.syntax unified
  47              		.thumb
  48              		.thumb_func
  50              	HardFault_Handler:
  51              	.LFB136:
  82:Core/Src/stm32f4xx_it.c ****   /* USER CODE END NonMaskableInt_IRQn 1 */
  83:Core/Src/stm32f4xx_it.c **** }
  84:Core/Src/stm32f4xx_it.c **** 
  85:Core/Src/stm32f4xx_it.c **** /**
  86:Core/Src/stm32f4xx_it.c ****   * @brief This function handles Hard fault interrupt.
  87:Core/Src/stm32f4xx_it.c ****   */
  88:Core/Src/stm32f4xx_it.c **** void HardFault_Handler(void)
  89:Core/Src/stm32f4xx_it.c **** {
  52              		.loc 1 89 1 view -0
  53              		.cfi_startproc
  54              		@ Volatile: function does not return.
  55              		@ args = 0, pretend = 0, frame = 0
  56              		@ frame_needed = 0, uses_anonymous_args = 0
  57              		@ link register save eliminated.
  58              	.L4:
  90:Core/Src/stm32f4xx_it.c ****   /* USER CODE BEGIN HardFault_IRQn 0 */
  91:Core/Src/stm32f4xx_it.c **** 
  92:Core/Src/stm32f4xx_it.c ****   /* USER CODE END HardFault_IRQn 0 */
  93:Core/Src/stm32f4xx_it.c ****   while (1)
  59              		.loc 1 93 3 discriminator 1 view .LVU5
  94:Core/Src/stm32f4xx_it.c ****   {
  95:Core/Src/stm32f4xx_it.c ****     /* USER CODE BEGIN W1_HardFault_IRQn 0 */
  96:Core/Src/stm32f4xx_it.c ****     /* USER CODE END W1_HardFault_IRQn 0 */
  97:Core/Src/stm32f4xx_it.c ****   }
  60              		.loc 1 97 3 discriminator 1 view .LVU6
  93:Core/Src/stm32f4xx_it.c ****   {
  61              		.loc 1 93 9 discriminator 1 view .LVU7
  62 0000 FEE7     		b	.L4
  63              		.cfi_endproc
  64              	.LFE136:
  66              		.section	.text.MemManage_Handler,"ax",%progbits
  67              		.align	1
  68              		.global	MemManage_Handler
  69              		.syntax unified
  70              		.thumb
  71              		.thumb_func
  73              	MemManage_Handler:
  74              	.LFB137:
  98:Core/Src/stm32f4xx_it.c **** }
  99:Core/Src/stm32f4xx_it.c **** 
 100:Core/Src/stm32f4xx_it.c **** /**
ARM GAS  C:\Users\jdcox\AppData\Local\Temp\cc3sfkqM.s 			page 4


 101:Core/Src/stm32f4xx_it.c ****   * @brief This function handles Memory management fault.
 102:Core/Src/stm32f4xx_it.c ****   */
 103:Core/Src/stm32f4xx_it.c **** void MemManage_Handler(void)
 104:Core/Src/stm32f4xx_it.c **** {
  75              		.loc 1 104 1 view -0
  76              		.cfi_startproc
  77              		@ Volatile: function does not return.
  78              		@ args = 0, pretend = 0, frame = 0
  79              		@ frame_needed = 0, uses_anonymous_args = 0
  80              		@ link register save eliminated.
  81              	.L6:
 105:Core/Src/stm32f4xx_it.c ****   /* USER CODE BEGIN MemoryManagement_IRQn 0 */
 106:Core/Src/stm32f4xx_it.c **** 
 107:Core/Src/stm32f4xx_it.c ****   /* USER CODE END MemoryManagement_IRQn 0 */
 108:Core/Src/stm32f4xx_it.c ****   while (1)
  82              		.loc 1 108 3 discriminator 1 view .LVU9
 109:Core/Src/stm32f4xx_it.c ****   {
 110:Core/Src/stm32f4xx_it.c ****     /* USER CODE BEGIN W1_MemoryManagement_IRQn 0 */
 111:Core/Src/stm32f4xx_it.c ****     /* USER CODE END W1_MemoryManagement_IRQn 0 */
 112:Core/Src/stm32f4xx_it.c ****   }
  83              		.loc 1 112 3 discriminator 1 view .LVU10
 108:Core/Src/stm32f4xx_it.c ****   {
  84              		.loc 1 108 9 discriminator 1 view .LVU11
  85 0000 FEE7     		b	.L6
  86              		.cfi_endproc
  87              	.LFE137:
  89              		.section	.text.BusFault_Handler,"ax",%progbits
  90              		.align	1
  91              		.global	BusFault_Handler
  92              		.syntax unified
  93              		.thumb
  94              		.thumb_func
  96              	BusFault_Handler:
  97              	.LFB138:
 113:Core/Src/stm32f4xx_it.c **** }
 114:Core/Src/stm32f4xx_it.c **** 
 115:Core/Src/stm32f4xx_it.c **** /**
 116:Core/Src/stm32f4xx_it.c ****   * @brief This function handles Pre-fetch fault, memory access fault.
 117:Core/Src/stm32f4xx_it.c ****   */
 118:Core/Src/stm32f4xx_it.c **** void BusFault_Handler(void)
 119:Core/Src/stm32f4xx_it.c **** {
  98              		.loc 1 119 1 view -0
  99              		.cfi_startproc
 100              		@ Volatile: function does not return.
 101              		@ args = 0, pretend = 0, frame = 0
 102              		@ frame_needed = 0, uses_anonymous_args = 0
 103              		@ link register save eliminated.
 104              	.L8:
 120:Core/Src/stm32f4xx_it.c ****   /* USER CODE BEGIN BusFault_IRQn 0 */
 121:Core/Src/stm32f4xx_it.c **** 
 122:Core/Src/stm32f4xx_it.c ****   /* USER CODE END BusFault_IRQn 0 */
 123:Core/Src/stm32f4xx_it.c ****   while (1)
 105              		.loc 1 123 3 discriminator 1 view .LVU13
 124:Core/Src/stm32f4xx_it.c ****   {
 125:Core/Src/stm32f4xx_it.c ****     /* USER CODE BEGIN W1_BusFault_IRQn 0 */
 126:Core/Src/stm32f4xx_it.c ****     /* USER CODE END W1_BusFault_IRQn 0 */
 127:Core/Src/stm32f4xx_it.c ****   }
ARM GAS  C:\Users\jdcox\AppData\Local\Temp\cc3sfkqM.s 			page 5


 106              		.loc 1 127 3 discriminator 1 view .LVU14
 123:Core/Src/stm32f4xx_it.c ****   {
 107              		.loc 1 123 9 discriminator 1 view .LVU15
 108 0000 FEE7     		b	.L8
 109              		.cfi_endproc
 110              	.LFE138:
 112              		.section	.text.UsageFault_Handler,"ax",%progbits
 113              		.align	1
 114              		.global	UsageFault_Handler
 115              		.syntax unified
 116              		.thumb
 117              		.thumb_func
 119              	UsageFault_Handler:
 120              	.LFB139:
 128:Core/Src/stm32f4xx_it.c **** }
 129:Core/Src/stm32f4xx_it.c **** 
 130:Core/Src/stm32f4xx_it.c **** /**
 131:Core/Src/stm32f4xx_it.c ****   * @brief This function handles Undefined instruction or illegal state.
 132:Core/Src/stm32f4xx_it.c ****   */
 133:Core/Src/stm32f4xx_it.c **** void UsageFault_Handler(void)
 134:Core/Src/stm32f4xx_it.c **** {
 121              		.loc 1 134 1 view -0
 122              		.cfi_startproc
 123              		@ Volatile: function does not return.
 124              		@ args = 0, pretend = 0, frame = 0
 125              		@ frame_needed = 0, uses_anonymous_args = 0
 126              		@ link register save eliminated.
 127              	.L10:
 135:Core/Src/stm32f4xx_it.c ****   /* USER CODE BEGIN UsageFault_IRQn 0 */
 136:Core/Src/stm32f4xx_it.c **** 
 137:Core/Src/stm32f4xx_it.c ****   /* USER CODE END UsageFault_IRQn 0 */
 138:Core/Src/stm32f4xx_it.c ****   while (1)
 128              		.loc 1 138 3 discriminator 1 view .LVU17
 139:Core/Src/stm32f4xx_it.c ****   {
 140:Core/Src/stm32f4xx_it.c ****     /* USER CODE BEGIN W1_UsageFault_IRQn 0 */
 141:Core/Src/stm32f4xx_it.c ****     /* USER CODE END W1_UsageFault_IRQn 0 */
 142:Core/Src/stm32f4xx_it.c ****   }
 129              		.loc 1 142 3 discriminator 1 view .LVU18
 138:Core/Src/stm32f4xx_it.c ****   {
 130              		.loc 1 138 9 discriminator 1 view .LVU19
 131 0000 FEE7     		b	.L10
 132              		.cfi_endproc
 133              	.LFE139:
 135              		.section	.text.DebugMon_Handler,"ax",%progbits
 136              		.align	1
 137              		.global	DebugMon_Handler
 138              		.syntax unified
 139              		.thumb
 140              		.thumb_func
 142              	DebugMon_Handler:
 143              	.LFB140:
 143:Core/Src/stm32f4xx_it.c **** }
 144:Core/Src/stm32f4xx_it.c **** 
 145:Core/Src/stm32f4xx_it.c **** /**
 146:Core/Src/stm32f4xx_it.c ****   * @brief This function handles Debug monitor.
 147:Core/Src/stm32f4xx_it.c ****   */
 148:Core/Src/stm32f4xx_it.c **** void DebugMon_Handler(void)
ARM GAS  C:\Users\jdcox\AppData\Local\Temp\cc3sfkqM.s 			page 6


 149:Core/Src/stm32f4xx_it.c **** {
 144              		.loc 1 149 1 view -0
 145              		.cfi_startproc
 146              		@ args = 0, pretend = 0, frame = 0
 147              		@ frame_needed = 0, uses_anonymous_args = 0
 148              		@ link register save eliminated.
 150:Core/Src/stm32f4xx_it.c ****   /* USER CODE BEGIN DebugMonitor_IRQn 0 */
 151:Core/Src/stm32f4xx_it.c **** 
 152:Core/Src/stm32f4xx_it.c ****   /* USER CODE END DebugMonitor_IRQn 0 */
 153:Core/Src/stm32f4xx_it.c ****   /* USER CODE BEGIN DebugMonitor_IRQn 1 */
 154:Core/Src/stm32f4xx_it.c **** 
 155:Core/Src/stm32f4xx_it.c ****   /* USER CODE END DebugMonitor_IRQn 1 */
 156:Core/Src/stm32f4xx_it.c **** }
 149              		.loc 1 156 1 view .LVU21
 150 0000 7047     		bx	lr
 151              		.cfi_endproc
 152              	.LFE140:
 154              		.section	.text.EXTI0_IRQHandler,"ax",%progbits
 155              		.align	1
 156              		.global	EXTI0_IRQHandler
 157              		.syntax unified
 158              		.thumb
 159              		.thumb_func
 161              	EXTI0_IRQHandler:
 162              	.LFB141:
 157:Core/Src/stm32f4xx_it.c **** 
 158:Core/Src/stm32f4xx_it.c **** /******************************************************************************/
 159:Core/Src/stm32f4xx_it.c **** /* STM32F4xx Peripheral Interrupt Handlers                                    */
 160:Core/Src/stm32f4xx_it.c **** /* Add here the Interrupt Handlers for the used peripherals.                  */
 161:Core/Src/stm32f4xx_it.c **** /* For the available peripheral interrupt handler names,                      */
 162:Core/Src/stm32f4xx_it.c **** /* please refer to the startup file (startup_stm32f4xx.s).                    */
 163:Core/Src/stm32f4xx_it.c **** /******************************************************************************/
 164:Core/Src/stm32f4xx_it.c **** 
 165:Core/Src/stm32f4xx_it.c **** /**
 166:Core/Src/stm32f4xx_it.c ****   * @brief This function handles EXTI line0 interrupt.
 167:Core/Src/stm32f4xx_it.c ****   */
 168:Core/Src/stm32f4xx_it.c **** void EXTI0_IRQHandler(void)
 169:Core/Src/stm32f4xx_it.c **** {
 163              		.loc 1 169 1 view -0
 164              		.cfi_startproc
 165              		@ args = 0, pretend = 0, frame = 0
 166              		@ frame_needed = 0, uses_anonymous_args = 0
 167 0000 08B5     		push	{r3, lr}
 168              	.LCFI0:
 169              		.cfi_def_cfa_offset 8
 170              		.cfi_offset 3, -8
 171              		.cfi_offset 14, -4
 170:Core/Src/stm32f4xx_it.c ****   /* USER CODE BEGIN EXTI0_IRQn 0 */
 171:Core/Src/stm32f4xx_it.c **** 
 172:Core/Src/stm32f4xx_it.c ****   /* USER CODE END EXTI0_IRQn 0 */
 173:Core/Src/stm32f4xx_it.c ****   HAL_GPIO_EXTI_IRQHandler(BTN_IN_Pin);
 172              		.loc 1 173 3 view .LVU23
 173 0002 0120     		movs	r0, #1
 174 0004 FFF7FEFF 		bl	HAL_GPIO_EXTI_IRQHandler
 175              	.LVL0:
 174:Core/Src/stm32f4xx_it.c ****   /* USER CODE BEGIN EXTI0_IRQn 1 */
 175:Core/Src/stm32f4xx_it.c **** 
ARM GAS  C:\Users\jdcox\AppData\Local\Temp\cc3sfkqM.s 			page 7


 176:Core/Src/stm32f4xx_it.c ****   /* USER CODE END EXTI0_IRQn 1 */
 177:Core/Src/stm32f4xx_it.c **** }
 176              		.loc 1 177 1 is_stmt 0 view .LVU24
 177 0008 08BD     		pop	{r3, pc}
 178              		.cfi_endproc
 179              	.LFE141:
 181              		.section	.text.DMA1_Stream6_IRQHandler,"ax",%progbits
 182              		.align	1
 183              		.global	DMA1_Stream6_IRQHandler
 184              		.syntax unified
 185              		.thumb
 186              		.thumb_func
 188              	DMA1_Stream6_IRQHandler:
 189              	.LFB142:
 178:Core/Src/stm32f4xx_it.c **** 
 179:Core/Src/stm32f4xx_it.c **** /**
 180:Core/Src/stm32f4xx_it.c ****   * @brief This function handles DMA1 stream6 global interrupt.
 181:Core/Src/stm32f4xx_it.c ****   */
 182:Core/Src/stm32f4xx_it.c **** void DMA1_Stream6_IRQHandler(void)
 183:Core/Src/stm32f4xx_it.c **** {
 190              		.loc 1 183 1 is_stmt 1 view -0
 191              		.cfi_startproc
 192              		@ args = 0, pretend = 0, frame = 0
 193              		@ frame_needed = 0, uses_anonymous_args = 0
 194 0000 08B5     		push	{r3, lr}
 195              	.LCFI1:
 196              		.cfi_def_cfa_offset 8
 197              		.cfi_offset 3, -8
 198              		.cfi_offset 14, -4
 184:Core/Src/stm32f4xx_it.c ****   /* USER CODE BEGIN DMA1_Stream6_IRQn 0 */
 185:Core/Src/stm32f4xx_it.c **** 
 186:Core/Src/stm32f4xx_it.c ****   /* USER CODE END DMA1_Stream6_IRQn 0 */
 187:Core/Src/stm32f4xx_it.c ****   HAL_DMA_IRQHandler(&hdma_i2c1_tx);
 199              		.loc 1 187 3 view .LVU26
 200 0002 0248     		ldr	r0, .L16
 201 0004 FFF7FEFF 		bl	HAL_DMA_IRQHandler
 202              	.LVL1:
 188:Core/Src/stm32f4xx_it.c ****   /* USER CODE BEGIN DMA1_Stream6_IRQn 1 */
 189:Core/Src/stm32f4xx_it.c **** 
 190:Core/Src/stm32f4xx_it.c ****   /* USER CODE END DMA1_Stream6_IRQn 1 */
 191:Core/Src/stm32f4xx_it.c **** }
 203              		.loc 1 191 1 is_stmt 0 view .LVU27
 204 0008 08BD     		pop	{r3, pc}
 205              	.L17:
 206 000a 00BF     		.align	2
 207              	.L16:
 208 000c 00000000 		.word	hdma_i2c1_tx
 209              		.cfi_endproc
 210              	.LFE142:
 212              		.section	.text.TIM1_UP_TIM10_IRQHandler,"ax",%progbits
 213              		.align	1
 214              		.global	TIM1_UP_TIM10_IRQHandler
 215              		.syntax unified
 216              		.thumb
 217              		.thumb_func
 219              	TIM1_UP_TIM10_IRQHandler:
 220              	.LFB143:
ARM GAS  C:\Users\jdcox\AppData\Local\Temp\cc3sfkqM.s 			page 8


 192:Core/Src/stm32f4xx_it.c **** 
 193:Core/Src/stm32f4xx_it.c **** /**
 194:Core/Src/stm32f4xx_it.c ****   * @brief This function handles TIM1 update interrupt and TIM10 global interrupt.
 195:Core/Src/stm32f4xx_it.c ****   */
 196:Core/Src/stm32f4xx_it.c **** void TIM1_UP_TIM10_IRQHandler(void)
 197:Core/Src/stm32f4xx_it.c **** {
 221              		.loc 1 197 1 is_stmt 1 view -0
 222              		.cfi_startproc
 223              		@ args = 0, pretend = 0, frame = 0
 224              		@ frame_needed = 0, uses_anonymous_args = 0
 225 0000 08B5     		push	{r3, lr}
 226              	.LCFI2:
 227              		.cfi_def_cfa_offset 8
 228              		.cfi_offset 3, -8
 229              		.cfi_offset 14, -4
 198:Core/Src/stm32f4xx_it.c ****   /* USER CODE BEGIN TIM1_UP_TIM10_IRQn 0 */
 199:Core/Src/stm32f4xx_it.c **** 
 200:Core/Src/stm32f4xx_it.c ****   /* USER CODE END TIM1_UP_TIM10_IRQn 0 */
 201:Core/Src/stm32f4xx_it.c ****   HAL_TIM_IRQHandler(&htim1);
 230              		.loc 1 201 3 view .LVU29
 231 0002 0248     		ldr	r0, .L20
 232 0004 FFF7FEFF 		bl	HAL_TIM_IRQHandler
 233              	.LVL2:
 202:Core/Src/stm32f4xx_it.c ****   /* USER CODE BEGIN TIM1_UP_TIM10_IRQn 1 */
 203:Core/Src/stm32f4xx_it.c **** 
 204:Core/Src/stm32f4xx_it.c ****   /* USER CODE END TIM1_UP_TIM10_IRQn 1 */
 205:Core/Src/stm32f4xx_it.c **** }
 234              		.loc 1 205 1 is_stmt 0 view .LVU30
 235 0008 08BD     		pop	{r3, pc}
 236              	.L21:
 237 000a 00BF     		.align	2
 238              	.L20:
 239 000c 00000000 		.word	htim1
 240              		.cfi_endproc
 241              	.LFE143:
 243              		.section	.text.I2C1_EV_IRQHandler,"ax",%progbits
 244              		.align	1
 245              		.global	I2C1_EV_IRQHandler
 246              		.syntax unified
 247              		.thumb
 248              		.thumb_func
 250              	I2C1_EV_IRQHandler:
 251              	.LFB144:
 206:Core/Src/stm32f4xx_it.c **** 
 207:Core/Src/stm32f4xx_it.c **** /**
 208:Core/Src/stm32f4xx_it.c ****   * @brief This function handles I2C1 event interrupt.
 209:Core/Src/stm32f4xx_it.c ****   */
 210:Core/Src/stm32f4xx_it.c **** void I2C1_EV_IRQHandler(void)
 211:Core/Src/stm32f4xx_it.c **** {
 252              		.loc 1 211 1 is_stmt 1 view -0
 253              		.cfi_startproc
 254              		@ args = 0, pretend = 0, frame = 0
 255              		@ frame_needed = 0, uses_anonymous_args = 0
 256 0000 08B5     		push	{r3, lr}
 257              	.LCFI3:
 258              		.cfi_def_cfa_offset 8
 259              		.cfi_offset 3, -8
ARM GAS  C:\Users\jdcox\AppData\Local\Temp\cc3sfkqM.s 			page 9


 260              		.cfi_offset 14, -4
 212:Core/Src/stm32f4xx_it.c ****   /* USER CODE BEGIN I2C1_EV_IRQn 0 */
 213:Core/Src/stm32f4xx_it.c **** 
 214:Core/Src/stm32f4xx_it.c ****   /* USER CODE END I2C1_EV_IRQn 0 */
 215:Core/Src/stm32f4xx_it.c ****   HAL_I2C_EV_IRQHandler(&hi2c1);
 261              		.loc 1 215 3 view .LVU32
 262 0002 0248     		ldr	r0, .L24
 263 0004 FFF7FEFF 		bl	HAL_I2C_EV_IRQHandler
 264              	.LVL3:
 216:Core/Src/stm32f4xx_it.c ****   /* USER CODE BEGIN I2C1_EV_IRQn 1 */
 217:Core/Src/stm32f4xx_it.c **** 
 218:Core/Src/stm32f4xx_it.c ****   /* USER CODE END I2C1_EV_IRQn 1 */
 219:Core/Src/stm32f4xx_it.c **** }
 265              		.loc 1 219 1 is_stmt 0 view .LVU33
 266 0008 08BD     		pop	{r3, pc}
 267              	.L25:
 268 000a 00BF     		.align	2
 269              	.L24:
 270 000c 00000000 		.word	hi2c1
 271              		.cfi_endproc
 272              	.LFE144:
 274              		.text
 275              	.Letext0:
 276              		.file 2 "c:\\libraries\\gcc\\11.2 2022.02\\arm-none-eabi\\include\\machine\\_default_types.h"
 277              		.file 3 "c:\\libraries\\gcc\\11.2 2022.02\\arm-none-eabi\\include\\sys\\_stdint.h"
 278              		.file 4 "Drivers/CMSIS/Device/ST/STM32F4xx/Include/stm32f401xc.h"
 279              		.file 5 "Drivers/STM32F4xx_HAL_Driver/Inc/stm32f4xx_hal_def.h"
 280              		.file 6 "Drivers/STM32F4xx_HAL_Driver/Inc/stm32f4xx_hal_dma.h"
 281              		.file 7 "Drivers/STM32F4xx_HAL_Driver/Inc/stm32f4xx_hal_i2c.h"
 282              		.file 8 "Drivers/STM32F4xx_HAL_Driver/Inc/stm32f4xx_hal_tim.h"
 283              		.file 9 "Drivers/STM32F4xx_HAL_Driver/Inc/stm32f4xx_hal_gpio.h"
ARM GAS  C:\Users\jdcox\AppData\Local\Temp\cc3sfkqM.s 			page 10


DEFINED SYMBOLS
                            *ABS*:00000000 stm32f4xx_it.c
C:\Users\jdcox\AppData\Local\Temp\cc3sfkqM.s:20     .text.NMI_Handler:00000000 $t
C:\Users\jdcox\AppData\Local\Temp\cc3sfkqM.s:26     .text.NMI_Handler:00000000 NMI_Handler
C:\Users\jdcox\AppData\Local\Temp\cc3sfkqM.s:44     .text.HardFault_Handler:00000000 $t
C:\Users\jdcox\AppData\Local\Temp\cc3sfkqM.s:50     .text.HardFault_Handler:00000000 HardFault_Handler
C:\Users\jdcox\AppData\Local\Temp\cc3sfkqM.s:67     .text.MemManage_Handler:00000000 $t
C:\Users\jdcox\AppData\Local\Temp\cc3sfkqM.s:73     .text.MemManage_Handler:00000000 MemManage_Handler
C:\Users\jdcox\AppData\Local\Temp\cc3sfkqM.s:90     .text.BusFault_Handler:00000000 $t
C:\Users\jdcox\AppData\Local\Temp\cc3sfkqM.s:96     .text.BusFault_Handler:00000000 BusFault_Handler
C:\Users\jdcox\AppData\Local\Temp\cc3sfkqM.s:113    .text.UsageFault_Handler:00000000 $t
C:\Users\jdcox\AppData\Local\Temp\cc3sfkqM.s:119    .text.UsageFault_Handler:00000000 UsageFault_Handler
C:\Users\jdcox\AppData\Local\Temp\cc3sfkqM.s:136    .text.DebugMon_Handler:00000000 $t
C:\Users\jdcox\AppData\Local\Temp\cc3sfkqM.s:142    .text.DebugMon_Handler:00000000 DebugMon_Handler
C:\Users\jdcox\AppData\Local\Temp\cc3sfkqM.s:155    .text.EXTI0_IRQHandler:00000000 $t
C:\Users\jdcox\AppData\Local\Temp\cc3sfkqM.s:161    .text.EXTI0_IRQHandler:00000000 EXTI0_IRQHandler
C:\Users\jdcox\AppData\Local\Temp\cc3sfkqM.s:182    .text.DMA1_Stream6_IRQHandler:00000000 $t
C:\Users\jdcox\AppData\Local\Temp\cc3sfkqM.s:188    .text.DMA1_Stream6_IRQHandler:00000000 DMA1_Stream6_IRQHandler
C:\Users\jdcox\AppData\Local\Temp\cc3sfkqM.s:208    .text.DMA1_Stream6_IRQHandler:0000000c $d
C:\Users\jdcox\AppData\Local\Temp\cc3sfkqM.s:213    .text.TIM1_UP_TIM10_IRQHandler:00000000 $t
C:\Users\jdcox\AppData\Local\Temp\cc3sfkqM.s:219    .text.TIM1_UP_TIM10_IRQHandler:00000000 TIM1_UP_TIM10_IRQHandler
C:\Users\jdcox\AppData\Local\Temp\cc3sfkqM.s:239    .text.TIM1_UP_TIM10_IRQHandler:0000000c $d
C:\Users\jdcox\AppData\Local\Temp\cc3sfkqM.s:244    .text.I2C1_EV_IRQHandler:00000000 $t
C:\Users\jdcox\AppData\Local\Temp\cc3sfkqM.s:250    .text.I2C1_EV_IRQHandler:00000000 I2C1_EV_IRQHandler
C:\Users\jdcox\AppData\Local\Temp\cc3sfkqM.s:270    .text.I2C1_EV_IRQHandler:0000000c $d

UNDEFINED SYMBOLS
HAL_GPIO_EXTI_IRQHandler
HAL_DMA_IRQHandler
hdma_i2c1_tx
HAL_TIM_IRQHandler
htim1
HAL_I2C_EV_IRQHandler
hi2c1
